#
# A fatal error has been detected by the Java Runtime Environment:
#
#  SIGSEGV (0xb) at pc=0x000000010ad314d4, pid=2401, tid=9731
#
# JRE version: Java(TM) SE Runtime Environment (15.0.1+9) (build 15.0.1+9-18)
# Java VM: Java HotSpot(TM) 64-Bit Server VM (15.0.1+9-18, mixed mode, sharing, tiered, compressed oops, g1 gc, bsd-amd64)
# Problematic frame:
# V  [libjvm.dylib+0x34d4]  AccessInternal::PostRuntimeDispatch<G1BarrierSet::AccessBarrier<548980ull, G1BarrierSet>, (AccessInternal::BarrierType)2, 548980ull>::oop_access_barrier(void*)+0x4
#
# No core dump will be written. Core dumps have been disabled. To enable core dumping, try "ulimit -c unlimited" before starting Java again
#
# If you would like to submit a bug report, please visit:
#   https://bugreport.java.com/bugreport/crash.jsp
#

---------------  S U M M A R Y ------------

Command Line: -Dfile.encoding=UTF-8 -XX:+ShowCodeDetailsInExceptionMessages org.apache.catalina.startup.Tomcat$1

Host: MacBookPro16,1 x86_64 2300 MHz, 16 cores, 16G, Darwin 20.3.0
Time: Mon Mar 15 10:27:20 2021 PDT elapsed time: 0.131419 seconds (0d 0h 0m 0s)

---------------  T H R E A D  ---------------

Current thread (0x00007fcdbf808a00):  JavaThread "main" [_thread_in_vm, id=9731, stack(0x000070000d0b5000,0x000070000d1b5000)]

Stack: [0x000070000d0b5000,0x000070000d1b5000],  sp=0x000070000d1b4df0,  free space=1023k
Native frames: (J=compiled Java code, A=aot compiled Java code, j=interpreted, Vv=VM code, C=native code)
V  [libjvm.dylib+0x34d4]  AccessInternal::PostRuntimeDispatch<G1BarrierSet::AccessBarrier<548980ull, G1BarrierSet>, (AccessInternal::BarrierType)2, 548980ull>::oop_access_barrier(void*)+0x4
V  [libjvm.dylib+0x5167b5]  jni_GetStringUTFChars+0xc5
C  [libjli.dylib+0x79ed]  PostJVMInit+0xad
C  [libjli.dylib+0x4ed8]  JavaMain+0xbb8
C  [libjli.dylib+0x7659]  ThreadJavaMain+0x9
C  [libsystem_pthread.dylib+0x6950]  _pthread_start+0xe0
C  [libsystem_pthread.dylib+0x247b]  thread_start+0xf


siginfo: si_signo: 11 (SIGSEGV), si_code: 1 (SEGV_MAPERR), si_addr: 0x0000000000000000

Register to memory mapping:

RAX=0x000000010bcf7000 points into unknown readable memory: 0x0000000000000000 | 00 00 00 00 00 00 00 00
RBX=0x0 is NULL
RCX=0x000000010b8e5e70: jni_NativeInterface+0 in /Library/Java/JavaVirtualMachines/jdk-15.0.1.jdk/Contents/Home/lib/server/libjvm.dylib at 0x000000010ad2e000
RDX=0x0 is NULL
RSP=0x000070000d1b4df0 is pointing into the stack for thread: 0x00007fcdbf808a00
RBP=0x000070000d1b4df0 is pointing into the stack for thread: 0x00007fcdbf808a00
RSI=0x0 is NULL
RDI=0x0 is NULL
R8 ={method} {0x000000080000e2b8} 'getCanonicalName' '()Ljava/lang/String;' in 'java/lang/Class'
R9 =0x00007fcdbe404510 points into unknown readable memory: 0x000000080000e2b8 | b8 e2 00 00 08 00 00 00
R10=0x000000010b9640c0: _ZN19TemplateInterpreter13_active_tableE+0x4800 in /Library/Java/JavaVirtualMachines/jdk-15.0.1.jdk/Contents/Home/lib/server/libjvm.dylib at 0x000000010ad2e000
R11=0x0 is NULL
R12=0x00007fcdbf808a00 is a thread
R13=0x0 is NULL
R14=0x0 is NULL
R15=0x0 is NULL


Registers:
RAX=0x000000010bcf7000, RBX=0x0000000000000000, RCX=0x000000010b8e5e70, RDX=0x0000000000000000
RSP=0x000070000d1b4df0, RBP=0x000070000d1b4df0, RSI=0x0000000000000000, RDI=0x0000000000000000
R8 =0x000000080000e2b8, R9 =0x00007fcdbe404510, R10=0x000000010b9640c0, R11=0x0000000000000000
R12=0x00007fcdbf808a00, R13=0x0000000000000000, R14=0x0000000000000000, R15=0x0000000000000000
RIP=0x000000010ad314d4, EFLAGS=0x0000000000010246, ERR=0x0000000000000004
  TRAPNO=0x000000000000000e

Top of Stack: (sp=0x000070000d1b4df0)
0x000070000d1b4df0:   000070000d1b4e80 000000010b2447b5
0x000070000d1b4e00:   00007fcdbf808a00 0000000000000000
0x000070000d1b4e10:   000000010ad04b92 000000010ad04b81
0x000070000d1b4e20:   e3daf06733a200c4 00007fcdbf808d28
0x000070000d1b4e30:   00007fcdbf808a00 0000000000000000
0x000070000d1b4e40:   0000000000000000 00007fcdbf808a00
0x000070000d1b4e50:   000070000d1b4e80 00007fcdbf808d28
0x000070000d1b4e60:   00007fcdbe405268 0000000000000000
0x000070000d1b4e70:   0000000000000000 00007fcdbe405260
0x000070000d1b4e80:   000070000d1b4f10 000000010ad009ed
0x000070000d1b4e90:   00007fcdbf808d28 00007fcdbf808a00
0x000070000d1b4ea0:   000070000d1b4ed0 000000010b2315df
0x000070000d1b4eb0:   e3daf06733a200c4 00007fcdbe405248
0x000070000d1b4ec0:   00007fcdbe405268 0000000000000000
0x000070000d1b4ed0:   00007fcdbf808d28 00007fcdbf808a00
0x000070000d1b4ee0:   000070000d1b4f10 e3daf06733a200c4
0x000070000d1b4ef0:   00007fcdbe405248 00007fcdbe405268
0x000070000d1b4f00:   00007fcdbe405278 00007fcdbe405260
0x000070000d1b4f10:   000070000d1b4fa0 000000010acfded8
0x000070000d1b4f20:   0000000000000000 0005bd968fe348b2
0x000070000d1b4f30:   0000000500010002 00007fcdbbe06690
0x000070000d1b4f40:   0000000000000000 0000000000000000
0x000070000d1b4f50:   00007fcdbbc0dc00 0000000000000001
0x000070000d1b4f60:   00007fcdbbc0dba0 00007fcdbf808d28
0x000070000d1b4f70:   000000010b8e5e68 000070000d1b5000
0x000070000d1b4f80:   0000000000000000 0000000000000000
0x000070000d1b4f90:   0000000000000000 0000000000000000
0x000070000d1b4fa0:   000070000d1b4fb0 000000010ad00659
0x000070000d1b4fb0:   000070000d1b4fd0 00007fff204cd950
0x000070000d1b4fc0:   0000000000000000 0000000000000000
0x000070000d1b4fd0:   000070000d1b4ff0 00007fff204c947b
0x000070000d1b4fe0:   0000000000000000 0000000000000000 

Instructions: (pc=0x000000010ad314d4)
0x000000010ad313d4:   ff 0b 73 0e 48 63 c7 48 8d 0d ae 7e ae 00 8b 04
0x000000010ad313e4:   81 c3 55 48 89 e5 48 8d 3d 13 94 a6 00 be 9c 00
0x000000010ad313f4:   00 00 e8 75 bc 2f 00 e8 b0 42 82 00 31 c0 5d c3
0x000000010ad31404:   66 66 66 2e 0f 1f 84 00 00 00 00 00 55 48 89 e5
0x000000010ad31414:   48 8b 47 08 0f b7 48 32 0f b7 40 30 8d 44 01 19
0x000000010ad31424:   5d c3 66 2e 0f 1f 84 00 00 00 00 00 55 48 89 e5
0x000000010ad31434:   53 50 48 89 fb 48 8d 0d f8 4a c1 00 48 8d 05 d9
0x000000010ad31444:   91 be 00 48 8b 00 8b 40 10 ff c8 80 39 00 74 10
0x000000010ad31454:   83 f8 04 73 1f 48 98 48 8d 0d 7e d4 b0 00 eb 0e
0x000000010ad31464:   83 f8 04 73 0f 48 98 48 8d 0d 8e d4 b0 00 48 8b
0x000000010ad31474:   04 c1 eb 21 48 8d 3d bc 93 a6 00 48 8d 15 e5 93
0x000000010ad31484:   a6 00 be e8 00 00 00 31 c0 e8 de b9 2f 00 e8 19
0x000000010ad31494:   42 82 00 31 c0 48 89 05 90 11 bb 00 48 89 df 48
0x000000010ad314a4:   83 c4 08 5b 5d ff e0 0f 1f 44 00 00 55 48 89 e5
0x000000010ad314b4:   48 8b 07 5d c3 0f 1f 80 00 00 00 00 55 48 89 e5
0x000000010ad314c4:   48 8b 07 5d c3 0f 1f 80 00 00 00 00 55 48 89 e5
0x000000010ad314d4:   48 8b 07 5d c3 0f 1f 80 00 00 00 00 55 48 89 e5
0x000000010ad314e4:   41 57 41 56 53 50 49 89 fe 49 8b 1e 4c 8d 3d 41
0x000000010ad314f4:   67 c4 00 49 85 1f 74 3c 48 89 df e8 8c 31 a3 00
0x000000010ad31504:   48 89 c1 48 85 c9 74 29 48 89 d8 f0 49 0f b1 0e
0x000000010ad31514:   48 89 c2 48 39 da 74 19 0f 1f 40 00 49 85 17 74
0x000000010ad31524:   10 48 89 d0 f0 49 0f b1 0e 48 39 d0 48 89 c2 75
0x000000010ad31534:   eb 48 89 cb 48 89 d8 48 83 c4 08 5b 41 5e 41 5f
0x000000010ad31544:   5d c3 66 2e 0f 1f 84 00 00 00 00 00 55 48 89 e5
0x000000010ad31554:   48 8b 07 5d c3 0f 1f 80 00 00 00 00 55 48 89 e5
0x000000010ad31564:   48 8b 07 5d c3 0f 1f 80 00 00 00 00 55 48 89 e5
0x000000010ad31574:   48 8b 07 5d c3 0f 1f 80 00 00 00 00 55 48 89 e5
0x000000010ad31584:   41 57 41 56 53 50 49 89 fe 49 8b 1e 4c 8d 3d a1
0x000000010ad31594:   66 c4 00 49 85 1f 74 3c 48 89 df e8 ec 30 a3 00
0x000000010ad315a4:   48 89 c1 48 85 c9 74 29 48 89 d8 f0 49 0f b1 0e
0x000000010ad315b4:   48 89 c2 48 39 da 74 19 0f 1f 40 00 49 85 17 74
0x000000010ad315c4:   10 48 89 d0 f0 49 0f b1 0e 48 39 d0 48 89 c2 75 


Stack slot to memory mapping:
stack at sp + 0 slots: 0x000070000d1b4e80 is pointing into the stack for thread: 0x00007fcdbf808a00
stack at sp + 1 slots: 0x000000010b2447b5: jni_GetStringUTFChars+0xc5 in /Library/Java/JavaVirtualMachines/jdk-15.0.1.jdk/Contents/Home/lib/server/libjvm.dylib at 0x000000010ad2e000
stack at sp + 2 slots: 0x00007fcdbf808a00 is a thread
stack at sp + 3 slots: 0x0 is NULL
stack at sp + 4 slots: 0x000000010ad04b92: JLI_WildcardExpandClasspath+0x2282 in /Library/Java/JavaVirtualMachines/jdk-15.0.1.jdk/Contents/Home/lib/libjli.dylib at 0x000000010acf9000
stack at sp + 5 slots: 0x000000010ad04b81: JLI_WildcardExpandClasspath+0x2271 in /Library/Java/JavaVirtualMachines/jdk-15.0.1.jdk/Contents/Home/lib/libjli.dylib at 0x000000010acf9000
stack at sp + 6 slots: 0xe3daf06733a200c4 is an unknown value
stack at sp + 7 slots: 0x00007fcdbf808d28 points into unknown readable memory: 0x000000010b8e5e70 | 70 5e 8e 0b 01 00 00 00


---------------  P R O C E S S  ---------------

Threads class SMR info:
_java_thread_list=0x00007fcdbbc2ea10, length=11, elements={
0x00007fcdbf808a00, 0x00007fcdbc008c00, 0x00007fcdbc009200, 0x00007fcdbf900e00,
0x00007fcdbf903600, 0x00007fcdbf903c00, 0x00007fcdbc01c000, 0x00007fcdc200a400,
0x00007fcdbc865c00, 0x00007fcdc380a200, 0x00007fcdbc01f800
}

Java Threads: ( => current thread )
=>0x00007fcdbf808a00 JavaThread "main" [_thread_in_vm, id=9731, stack(0x000070000d0b5000,0x000070000d1b5000)]
  0x00007fcdbc008c00 JavaThread "Reference Handler" daemon [_thread_blocked, id=17155, stack(0x000070000d7ca000,0x000070000d8ca000)]
  0x00007fcdbc009200 JavaThread "Finalizer" daemon [_thread_blocked, id=14595, stack(0x000070000d8cd000,0x000070000d9cd000)]
  0x00007fcdbf900e00 JavaThread "Signal Dispatcher" daemon [_thread_blocked, id=22787, stack(0x000070000dad6000,0x000070000dbd6000)]
  0x00007fcdbf903600 JavaThread "Service Thread" daemon [_thread_blocked, id=23555, stack(0x000070000dbd9000,0x000070000dcd9000)]
  0x00007fcdbf903c00 JavaThread "C2 CompilerThread0" daemon [_thread_blocked, id=24067, stack(0x000070000dcdc000,0x000070000dddc000)]
  0x00007fcdbc01c000 JavaThread "C1 CompilerThread0" daemon [_thread_blocked, id=24579, stack(0x000070000dddf000,0x000070000dedf000)]
  0x00007fcdc200a400 JavaThread "Sweeper thread" daemon [_thread_blocked, id=25091, stack(0x000070000dee2000,0x000070000dfe2000)]
  0x00007fcdbc865c00 JavaThread "C1 CompilerThread1" daemon [_thread_blocked, id=40195, stack(0x000070000dfe5000,0x000070000e0e5000)]
  0x00007fcdc380a200 JavaThread "Notification Thread" daemon [_thread_blocked, id=25859, stack(0x000070000e0e8000,0x000070000e1e8000)]
  0x00007fcdbc01f800 JavaThread "Common-Cleaner" daemon [_thread_blocked, id=38659, stack(0x000070000e2ee000,0x000070000e3ee000)]

Other Threads:
  0x00007fcdbbc113b0 VMThread "VM Thread" [stack: 0x000070000d6c7000,0x000070000d7c7000] [id=17923]
  0x00007fcdbbc2d850 WatcherThread [stack: 0x000070000e1eb000,0x000070000e2eb000] [id=26115]
  0x00007fcdbe40e100 GCTaskThread "GC Thread#0" [stack: 0x000070000d1b8000,0x000070000d2b8000] [id=19715]
  0x00007fcdbe40f300 ConcurrentGCThread "G1 Main Marker" [stack: 0x000070000d2bb000,0x000070000d3bb000] [id=19203]
  0x00007fcdbe410410 ConcurrentGCThread "G1 Conc#0" [stack: 0x000070000d3be000,0x000070000d4be000] [id=13059]
  0x00007fcdbe42e6c0 ConcurrentGCThread "G1 Refine#0" [stack: 0x000070000d4c1000,0x000070000d5c1000] [id=18179]
  0x00007fcdbe42f770 ConcurrentGCThread "G1 Young RemSet Sampling" [stack: 0x000070000d5c4000,0x000070000d6c4000] [id=13571]

Threads with active compile tasks:

VM state: not at safepoint (normal execution)

VM Mutex/Monitor currently owned by a thread: None

Heap address: 0x0000000700000000, size: 4096 MB, Compressed Oops mode: Zero based, Oop shift amount: 3
CDS archive(s) mapped at: [0x0000000800000000-0x0000000800b2c000-0x0000000800b2c000), size 11714560, SharedBaseAddress: 0x0000000800000000, ArchiveRelocationMode: 0.
Compressed class space mapped at: 0x0000000800b2c000-0x0000000840b2c000, size: 1073741824
Narrow klass base: 0x0000000800000000, Narrow klass shift: 3, Narrow klass range: 0x100000000

GC Precious Log:
 CPUs: 16 total, 16 available
 Memory: 16384M
 Large Page Support: Disabled
 NUMA Support: Disabled
 Compressed Oops: Enabled (Zero based)
 Heap Region Size: 2M
 Heap Min Capacity: 8M
 Heap Initial Capacity: 256M
 Heap Max Capacity: 4G
 Pre-touch: Disabled
 Parallel Workers: 13
 Concurrent Workers: 3
 Concurrent Refinement Workers: 13
 Periodic GC: Disabled

Heap:
 garbage-first heap   total 266240K, used 3880K [0x0000000700000000, 0x0000000800000000)
  region size 2048K, 2 young (4096K), 0 survivors (0K)
 Metaspace       used 650K, capacity 4862K, committed 5120K, reserved 1056768K
  class space    used 46K, capacity 426K, committed 512K, reserved 1048576K

Heap Regions: E=young(eden), S=young(survivor), O=old, HS=humongous(starts), HC=humongous(continues), CS=collection set, F=free, OA=open archive, CA=closed archive, TAMS=top-at-mark-start (previous, next)
|   0|0x0000000700000000, 0x0000000700000000, 0x0000000700200000|  0%| F|  |TAMS 0x0000000700000000, 0x0000000700000000| Untracked 
|   1|0x0000000700200000, 0x0000000700200000, 0x0000000700400000|  0%| F|  |TAMS 0x0000000700200000, 0x0000000700200000| Untracked 
|   2|0x0000000700400000, 0x0000000700400000, 0x0000000700600000|  0%| F|  |TAMS 0x0000000700400000, 0x0000000700400000| Untracked 
|   3|0x0000000700600000, 0x0000000700600000, 0x0000000700800000|  0%| F|  |TAMS 0x0000000700600000, 0x0000000700600000| Untracked 
|   4|0x0000000700800000, 0x0000000700800000, 0x0000000700a00000|  0%| F|  |TAMS 0x0000000700800000, 0x0000000700800000| Untracked 
|   5|0x0000000700a00000, 0x0000000700a00000, 0x0000000700c00000|  0%| F|  |TAMS 0x0000000700a00000, 0x0000000700a00000| Untracked 
|   6|0x0000000700c00000, 0x0000000700c00000, 0x0000000700e00000|  0%| F|  |TAMS 0x0000000700c00000, 0x0000000700c00000| Untracked 
|   7|0x0000000700e00000, 0x0000000700e00000, 0x0000000701000000|  0%| F|  |TAMS 0x0000000700e00000, 0x0000000700e00000| Untracked 
|   8|0x0000000701000000, 0x0000000701000000, 0x0000000701200000|  0%| F|  |TAMS 0x0000000701000000, 0x0000000701000000| Untracked 
|   9|0x0000000701200000, 0x0000000701200000, 0x0000000701400000|  0%| F|  |TAMS 0x0000000701200000, 0x0000000701200000| Untracked 
|  10|0x0000000701400000, 0x0000000701400000, 0x0000000701600000|  0%| F|  |TAMS 0x0000000701400000, 0x0000000701400000| Untracked 
|  11|0x0000000701600000, 0x0000000701600000, 0x0000000701800000|  0%| F|  |TAMS 0x0000000701600000, 0x0000000701600000| Untracked 
|  12|0x0000000701800000, 0x0000000701800000, 0x0000000701a00000|  0%| F|  |TAMS 0x0000000701800000, 0x0000000701800000| Untracked 
|  13|0x0000000701a00000, 0x0000000701a00000, 0x0000000701c00000|  0%| F|  |TAMS 0x0000000701a00000, 0x0000000701a00000| Untracked 
|  14|0x0000000701c00000, 0x0000000701c00000, 0x0000000701e00000|  0%| F|  |TAMS 0x0000000701c00000, 0x0000000701c00000| Untracked 
|  15|0x0000000701e00000, 0x0000000701e00000, 0x0000000702000000|  0%| F|  |TAMS 0x0000000701e00000, 0x0000000701e00000| Untracked 
|  16|0x0000000702000000, 0x0000000702000000, 0x0000000702200000|  0%| F|  |TAMS 0x0000000702000000, 0x0000000702000000| Untracked 
|  17|0x0000000702200000, 0x0000000702200000, 0x0000000702400000|  0%| F|  |TAMS 0x0000000702200000, 0x0000000702200000| Untracked 
|  18|0x0000000702400000, 0x0000000702400000, 0x0000000702600000|  0%| F|  |TAMS 0x0000000702400000, 0x0000000702400000| Untracked 
|  19|0x0000000702600000, 0x0000000702600000, 0x0000000702800000|  0%| F|  |TAMS 0x0000000702600000, 0x0000000702600000| Untracked 
|  20|0x0000000702800000, 0x0000000702800000, 0x0000000702a00000|  0%| F|  |TAMS 0x0000000702800000, 0x0000000702800000| Untracked 
|  21|0x0000000702a00000, 0x0000000702a00000, 0x0000000702c00000|  0%| F|  |TAMS 0x0000000702a00000, 0x0000000702a00000| Untracked 
|  22|0x0000000702c00000, 0x0000000702c00000, 0x0000000702e00000|  0%| F|  |TAMS 0x0000000702c00000, 0x0000000702c00000| Untracked 
|  23|0x0000000702e00000, 0x0000000702e00000, 0x0000000703000000|  0%| F|  |TAMS 0x0000000702e00000, 0x0000000702e00000| Untracked 
|  24|0x0000000703000000, 0x0000000703000000, 0x0000000703200000|  0%| F|  |TAMS 0x0000000703000000, 0x0000000703000000| Untracked 
|  25|0x0000000703200000, 0x0000000703200000, 0x0000000703400000|  0%| F|  |TAMS 0x0000000703200000, 0x0000000703200000| Untracked 
|  26|0x0000000703400000, 0x0000000703400000, 0x0000000703600000|  0%| F|  |TAMS 0x0000000703400000, 0x0000000703400000| Untracked 
|  27|0x0000000703600000, 0x0000000703600000, 0x0000000703800000|  0%| F|  |TAMS 0x0000000703600000, 0x0000000703600000| Untracked 
|  28|0x0000000703800000, 0x0000000703800000, 0x0000000703a00000|  0%| F|  |TAMS 0x0000000703800000, 0x0000000703800000| Untracked 
|  29|0x0000000703a00000, 0x0000000703a00000, 0x0000000703c00000|  0%| F|  |TAMS 0x0000000703a00000, 0x0000000703a00000| Untracked 
|  30|0x0000000703c00000, 0x0000000703c00000, 0x0000000703e00000|  0%| F|  |TAMS 0x0000000703c00000, 0x0000000703c00000| Untracked 
|  31|0x0000000703e00000, 0x0000000703e00000, 0x0000000704000000|  0%| F|  |TAMS 0x0000000703e00000, 0x0000000703e00000| Untracked 
|  32|0x0000000704000000, 0x0000000704000000, 0x0000000704200000|  0%| F|  |TAMS 0x0000000704000000, 0x0000000704000000| Untracked 
|  33|0x0000000704200000, 0x0000000704200000, 0x0000000704400000|  0%| F|  |TAMS 0x0000000704200000, 0x0000000704200000| Untracked 
|  34|0x0000000704400000, 0x0000000704400000, 0x0000000704600000|  0%| F|  |TAMS 0x0000000704400000, 0x0000000704400000| Untracked 
|  35|0x0000000704600000, 0x0000000704600000, 0x0000000704800000|  0%| F|  |TAMS 0x0000000704600000, 0x0000000704600000| Untracked 
|  36|0x0000000704800000, 0x0000000704800000, 0x0000000704a00000|  0%| F|  |TAMS 0x0000000704800000, 0x0000000704800000| Untracked 
|  37|0x0000000704a00000, 0x0000000704a00000, 0x0000000704c00000|  0%| F|  |TAMS 0x0000000704a00000, 0x0000000704a00000| Untracked 
|  38|0x0000000704c00000, 0x0000000704c00000, 0x0000000704e00000|  0%| F|  |TAMS 0x0000000704c00000, 0x0000000704c00000| Untracked 
|  39|0x0000000704e00000, 0x0000000704e00000, 0x0000000705000000|  0%| F|  |TAMS 0x0000000704e00000, 0x0000000704e00000| Untracked 
|  40|0x0000000705000000, 0x0000000705000000, 0x0000000705200000|  0%| F|  |TAMS 0x0000000705000000, 0x0000000705000000| Untracked 
|  41|0x0000000705200000, 0x0000000705200000, 0x0000000705400000|  0%| F|  |TAMS 0x0000000705200000, 0x0000000705200000| Untracked 
|  42|0x0000000705400000, 0x0000000705400000, 0x0000000705600000|  0%| F|  |TAMS 0x0000000705400000, 0x0000000705400000| Untracked 
|  43|0x0000000705600000, 0x0000000705600000, 0x0000000705800000|  0%| F|  |TAMS 0x0000000705600000, 0x0000000705600000| Untracked 
|  44|0x0000000705800000, 0x0000000705800000, 0x0000000705a00000|  0%| F|  |TAMS 0x0000000705800000, 0x0000000705800000| Untracked 
|  45|0x0000000705a00000, 0x0000000705a00000, 0x0000000705c00000|  0%| F|  |TAMS 0x0000000705a00000, 0x0000000705a00000| Untracked 
|  46|0x0000000705c00000, 0x0000000705c00000, 0x0000000705e00000|  0%| F|  |TAMS 0x0000000705c00000, 0x0000000705c00000| Untracked 
|  47|0x0000000705e00000, 0x0000000705e00000, 0x0000000706000000|  0%| F|  |TAMS 0x0000000705e00000, 0x0000000705e00000| Untracked 
|  48|0x0000000706000000, 0x0000000706000000, 0x0000000706200000|  0%| F|  |TAMS 0x0000000706000000, 0x0000000706000000| Untracked 
|  49|0x0000000706200000, 0x0000000706200000, 0x0000000706400000|  0%| F|  |TAMS 0x0000000706200000, 0x0000000706200000| Untracked 
|  50|0x0000000706400000, 0x0000000706400000, 0x0000000706600000|  0%| F|  |TAMS 0x0000000706400000, 0x0000000706400000| Untracked 
|  51|0x0000000706600000, 0x0000000706600000, 0x0000000706800000|  0%| F|  |TAMS 0x0000000706600000, 0x0000000706600000| Untracked 
|  52|0x0000000706800000, 0x0000000706800000, 0x0000000706a00000|  0%| F|  |TAMS 0x0000000706800000, 0x0000000706800000| Untracked 
|  53|0x0000000706a00000, 0x0000000706a00000, 0x0000000706c00000|  0%| F|  |TAMS 0x0000000706a00000, 0x0000000706a00000| Untracked 
|  54|0x0000000706c00000, 0x0000000706c00000, 0x0000000706e00000|  0%| F|  |TAMS 0x0000000706c00000, 0x0000000706c00000| Untracked 
|  55|0x0000000706e00000, 0x0000000706e00000, 0x0000000707000000|  0%| F|  |TAMS 0x0000000706e00000, 0x0000000706e00000| Untracked 
|  56|0x0000000707000000, 0x0000000707000000, 0x0000000707200000|  0%| F|  |TAMS 0x0000000707000000, 0x0000000707000000| Untracked 
|  57|0x0000000707200000, 0x0000000707200000, 0x0000000707400000|  0%| F|  |TAMS 0x0000000707200000, 0x0000000707200000| Untracked 
|  58|0x0000000707400000, 0x0000000707400000, 0x0000000707600000|  0%| F|  |TAMS 0x0000000707400000, 0x0000000707400000| Untracked 
|  59|0x0000000707600000, 0x0000000707600000, 0x0000000707800000|  0%| F|  |TAMS 0x0000000707600000, 0x0000000707600000| Untracked 
|  60|0x0000000707800000, 0x0000000707800000, 0x0000000707a00000|  0%| F|  |TAMS 0x0000000707800000, 0x0000000707800000| Untracked 
|  61|0x0000000707a00000, 0x0000000707a00000, 0x0000000707c00000|  0%| F|  |TAMS 0x0000000707a00000, 0x0000000707a00000| Untracked 
|  62|0x0000000707c00000, 0x0000000707c00000, 0x0000000707e00000|  0%| F|  |TAMS 0x0000000707c00000, 0x0000000707c00000| Untracked 
|  63|0x0000000707e00000, 0x0000000707e00000, 0x0000000708000000|  0%| F|  |TAMS 0x0000000707e00000, 0x0000000707e00000| Untracked 
|  64|0x0000000708000000, 0x0000000708000000, 0x0000000708200000|  0%| F|  |TAMS 0x0000000708000000, 0x0000000708000000| Untracked 
|  65|0x0000000708200000, 0x0000000708200000, 0x0000000708400000|  0%| F|  |TAMS 0x0000000708200000, 0x0000000708200000| Untracked 
|  66|0x0000000708400000, 0x0000000708400000, 0x0000000708600000|  0%| F|  |TAMS 0x0000000708400000, 0x0000000708400000| Untracked 
|  67|0x0000000708600000, 0x0000000708600000, 0x0000000708800000|  0%| F|  |TAMS 0x0000000708600000, 0x0000000708600000| Untracked 
|  68|0x0000000708800000, 0x0000000708800000, 0x0000000708a00000|  0%| F|  |TAMS 0x0000000708800000, 0x0000000708800000| Untracked 
|  69|0x0000000708a00000, 0x0000000708a00000, 0x0000000708c00000|  0%| F|  |TAMS 0x0000000708a00000, 0x0000000708a00000| Untracked 
|  70|0x0000000708c00000, 0x0000000708c00000, 0x0000000708e00000|  0%| F|  |TAMS 0x0000000708c00000, 0x0000000708c00000| Untracked 
|  71|0x0000000708e00000, 0x0000000708e00000, 0x0000000709000000|  0%| F|  |TAMS 0x0000000708e00000, 0x0000000708e00000| Untracked 
|  72|0x0000000709000000, 0x0000000709000000, 0x0000000709200000|  0%| F|  |TAMS 0x0000000709000000, 0x0000000709000000| Untracked 
|  73|0x0000000709200000, 0x0000000709200000, 0x0000000709400000|  0%| F|  |TAMS 0x0000000709200000, 0x0000000709200000| Untracked 
|  74|0x0000000709400000, 0x0000000709400000, 0x0000000709600000|  0%| F|  |TAMS 0x0000000709400000, 0x0000000709400000| Untracked 
|  75|0x0000000709600000, 0x0000000709600000, 0x0000000709800000|  0%| F|  |TAMS 0x0000000709600000, 0x0000000709600000| Untracked 
|  76|0x0000000709800000, 0x0000000709800000, 0x0000000709a00000|  0%| F|  |TAMS 0x0000000709800000, 0x0000000709800000| Untracked 
|  77|0x0000000709a00000, 0x0000000709a00000, 0x0000000709c00000|  0%| F|  |TAMS 0x0000000709a00000, 0x0000000709a00000| Untracked 
|  78|0x0000000709c00000, 0x0000000709c00000, 0x0000000709e00000|  0%| F|  |TAMS 0x0000000709c00000, 0x0000000709c00000| Untracked 
|  79|0x0000000709e00000, 0x0000000709e00000, 0x000000070a000000|  0%| F|  |TAMS 0x0000000709e00000, 0x0000000709e00000| Untracked 
|  80|0x000000070a000000, 0x000000070a000000, 0x000000070a200000|  0%| F|  |TAMS 0x000000070a000000, 0x000000070a000000| Untracked 
|  81|0x000000070a200000, 0x000000070a200000, 0x000000070a400000|  0%| F|  |TAMS 0x000000070a200000, 0x000000070a200000| Untracked 
|  82|0x000000070a400000, 0x000000070a400000, 0x000000070a600000|  0%| F|  |TAMS 0x000000070a400000, 0x000000070a400000| Untracked 
|  83|0x000000070a600000, 0x000000070a600000, 0x000000070a800000|  0%| F|  |TAMS 0x000000070a600000, 0x000000070a600000| Untracked 
|  84|0x000000070a800000, 0x000000070a800000, 0x000000070aa00000|  0%| F|  |TAMS 0x000000070a800000, 0x000000070a800000| Untracked 
|  85|0x000000070aa00000, 0x000000070aa00000, 0x000000070ac00000|  0%| F|  |TAMS 0x000000070aa00000, 0x000000070aa00000| Untracked 
|  86|0x000000070ac00000, 0x000000070ac00000, 0x000000070ae00000|  0%| F|  |TAMS 0x000000070ac00000, 0x000000070ac00000| Untracked 
|  87|0x000000070ae00000, 0x000000070ae00000, 0x000000070b000000|  0%| F|  |TAMS 0x000000070ae00000, 0x000000070ae00000| Untracked 
|  88|0x000000070b000000, 0x000000070b000000, 0x000000070b200000|  0%| F|  |TAMS 0x000000070b000000, 0x000000070b000000| Untracked 
|  89|0x000000070b200000, 0x000000070b200000, 0x000000070b400000|  0%| F|  |TAMS 0x000000070b200000, 0x000000070b200000| Untracked 
|  90|0x000000070b400000, 0x000000070b400000, 0x000000070b600000|  0%| F|  |TAMS 0x000000070b400000, 0x000000070b400000| Untracked 
|  91|0x000000070b600000, 0x000000070b600000, 0x000000070b800000|  0%| F|  |TAMS 0x000000070b600000, 0x000000070b600000| Untracked 
|  92|0x000000070b800000, 0x000000070b800000, 0x000000070ba00000|  0%| F|  |TAMS 0x000000070b800000, 0x000000070b800000| Untracked 
|  93|0x000000070ba00000, 0x000000070ba00000, 0x000000070bc00000|  0%| F|  |TAMS 0x000000070ba00000, 0x000000070ba00000| Untracked 
|  94|0x000000070bc00000, 0x000000070bc00000, 0x000000070be00000|  0%| F|  |TAMS 0x000000070bc00000, 0x000000070bc00000| Untracked 
|  95|0x000000070be00000, 0x000000070be00000, 0x000000070c000000|  0%| F|  |TAMS 0x000000070be00000, 0x000000070be00000| Untracked 
|  96|0x000000070c000000, 0x000000070c000000, 0x000000070c200000|  0%| F|  |TAMS 0x000000070c000000, 0x000000070c000000| Untracked 
|  97|0x000000070c200000, 0x000000070c200000, 0x000000070c400000|  0%| F|  |TAMS 0x000000070c200000, 0x000000070c200000| Untracked 
|  98|0x000000070c400000, 0x000000070c400000, 0x000000070c600000|  0%| F|  |TAMS 0x000000070c400000, 0x000000070c400000| Untracked 
|  99|0x000000070c600000, 0x000000070c600000, 0x000000070c800000|  0%| F|  |TAMS 0x000000070c600000, 0x000000070c600000| Untracked 
| 100|0x000000070c800000, 0x000000070c800000, 0x000000070ca00000|  0%| F|  |TAMS 0x000000070c800000, 0x000000070c800000| Untracked 
| 101|0x000000070ca00000, 0x000000070ca00000, 0x000000070cc00000|  0%| F|  |TAMS 0x000000070ca00000, 0x000000070ca00000| Untracked 
| 102|0x000000070cc00000, 0x000000070cc00000, 0x000000070ce00000|  0%| F|  |TAMS 0x000000070cc00000, 0x000000070cc00000| Untracked 
| 103|0x000000070ce00000, 0x000000070ce00000, 0x000000070d000000|  0%| F|  |TAMS 0x000000070ce00000, 0x000000070ce00000| Untracked 
| 104|0x000000070d000000, 0x000000070d000000, 0x000000070d200000|  0%| F|  |TAMS 0x000000070d000000, 0x000000070d000000| Untracked 
| 105|0x000000070d200000, 0x000000070d200000, 0x000000070d400000|  0%| F|  |TAMS 0x000000070d200000, 0x000000070d200000| Untracked 
| 106|0x000000070d400000, 0x000000070d400000, 0x000000070d600000|  0%| F|  |TAMS 0x000000070d400000, 0x000000070d400000| Untracked 
| 107|0x000000070d600000, 0x000000070d600000, 0x000000070d800000|  0%| F|  |TAMS 0x000000070d600000, 0x000000070d600000| Untracked 
| 108|0x000000070d800000, 0x000000070d800000, 0x000000070da00000|  0%| F|  |TAMS 0x000000070d800000, 0x000000070d800000| Untracked 
| 109|0x000000070da00000, 0x000000070da00000, 0x000000070dc00000|  0%| F|  |TAMS 0x000000070da00000, 0x000000070da00000| Untracked 
| 110|0x000000070dc00000, 0x000000070dc00000, 0x000000070de00000|  0%| F|  |TAMS 0x000000070dc00000, 0x000000070dc00000| Untracked 
| 111|0x000000070de00000, 0x000000070de00000, 0x000000070e000000|  0%| F|  |TAMS 0x000000070de00000, 0x000000070de00000| Untracked 
| 112|0x000000070e000000, 0x000000070e000000, 0x000000070e200000|  0%| F|  |TAMS 0x000000070e000000, 0x000000070e000000| Untracked 
| 113|0x000000070e200000, 0x000000070e200000, 0x000000070e400000|  0%| F|  |TAMS 0x000000070e200000, 0x000000070e200000| Untracked 
| 114|0x000000070e400000, 0x000000070e400000, 0x000000070e600000|  0%| F|  |TAMS 0x000000070e400000, 0x000000070e400000| Untracked 
| 115|0x000000070e600000, 0x000000070e600000, 0x000000070e800000|  0%| F|  |TAMS 0x000000070e600000, 0x000000070e600000| Untracked 
| 116|0x000000070e800000, 0x000000070e800000, 0x000000070ea00000|  0%| F|  |TAMS 0x000000070e800000, 0x000000070e800000| Untracked 
| 117|0x000000070ea00000, 0x000000070ea00000, 0x000000070ec00000|  0%| F|  |TAMS 0x000000070ea00000, 0x000000070ea00000| Untracked 
| 118|0x000000070ec00000, 0x000000070ec00000, 0x000000070ee00000|  0%| F|  |TAMS 0x000000070ec00000, 0x000000070ec00000| Untracked 
| 119|0x000000070ee00000, 0x000000070ee00000, 0x000000070f000000|  0%| F|  |TAMS 0x000000070ee00000, 0x000000070ee00000| Untracked 
| 120|0x000000070f000000, 0x000000070f000000, 0x000000070f200000|  0%| F|  |TAMS 0x000000070f000000, 0x000000070f000000| Untracked 
| 121|0x000000070f200000, 0x000000070f200000, 0x000000070f400000|  0%| F|  |TAMS 0x000000070f200000, 0x000000070f200000| Untracked 
| 122|0x000000070f400000, 0x000000070f400000, 0x000000070f600000|  0%| F|  |TAMS 0x000000070f400000, 0x000000070f400000| Untracked 
| 123|0x000000070f600000, 0x000000070f600000, 0x000000070f800000|  0%| F|  |TAMS 0x000000070f600000, 0x000000070f600000| Untracked 
| 124|0x000000070f800000, 0x000000070f800000, 0x000000070fa00000|  0%| F|  |TAMS 0x000000070f800000, 0x000000070f800000| Untracked 
| 125|0x000000070fa00000, 0x000000070fa00000, 0x000000070fc00000|  0%| F|  |TAMS 0x000000070fa00000, 0x000000070fa00000| Untracked 
| 126|0x000000070fc00000, 0x000000070fc775f0, 0x000000070fe00000| 23%| E|  |TAMS 0x000000070fc00000, 0x000000070fc00000| Complete 
| 127|0x000000070fe00000, 0x0000000710000000, 0x0000000710000000|100%| E|CS|TAMS 0x000000070fe00000, 0x000000070fe00000| Complete 
|1534|0x00000007bfc00000, 0x00000007bfd51000, 0x00000007bfe00000| 65%|OA|  |TAMS 0x00000007bfc00000, 0x00000007bfc00000| Untracked 
|1535|0x00000007bfe00000, 0x00000007bfe79000, 0x00000007c0000000| 23%|CA|  |TAMS 0x00000007bfe00000, 0x00000007bfe00000| Untracked 

Card table byte_map: [0x000000010c74c000,0x000000010cf4c000] _byte_map_base: 0x0000000108f4c000

Marking Bits (Prev, Next): (CMBitMap*) 0x00007fcdbf825010, (CMBitMap*) 0x00007fcdbf825050
 Prev Bits: [0x000000012e903000, 0x0000000132903000)
 Next Bits: [0x0000000132903000, 0x0000000136903000)

Polling page: 0x000000010bcf6000

Metaspace:

Usage:
  Non-class:      4.33 MB capacity,   604.08 KB ( 14%) used,     3.74 MB ( 86%) free+waste,   704 bytes ( <1%) overhead. 
      Class:    426.00 KB capacity,    46.19 KB ( 11%) used,   379.38 KB ( 89%) free+waste,   448 bytes ( <1%) overhead. 
       Both:      4.75 MB capacity,   650.27 KB ( 13%) used,     4.11 MB ( 87%) free+waste,     1.12 KB ( <1%) overhead. 

Virtual space:
  Non-class space:        8.00 MB reserved,       4.50 MB ( 56%) committed 
      Class space:        1.00 GB reserved,     512.00 KB ( <1%) committed 
             Both:        1.01 GB reserved,       5.00 MB ( <1%) committed 

Chunk freelists:
   Non-Class:  28.00 KB
       Class:  6.00 KB
        Both:  34.00 KB

MaxMetaspaceSize: 17179869184.00 GB
CompressedClassSpaceSize: 1.00 GB

CodeHeap 'non-profiled nmethods': size=119168Kb used=30Kb max_used=30Kb free=119137Kb
 bounds [0x00000001274a3000, 0x0000000127713000, 0x000000012e903000]
CodeHeap 'profiled nmethods': size=119164Kb used=204Kb max_used=204Kb free=118959Kb
 bounds [0x0000000120044000, 0x00000001202b4000, 0x00000001274a3000]
CodeHeap 'non-nmethods': size=7428Kb used=1630Kb max_used=1645Kb free=5797Kb
 bounds [0x000000011f903000, 0x000000011fb73000, 0x0000000120044000]
 total_blobs=448 nmethods=150 adapters=211
 compilation: enabled
              stopped_count=0, restarted_count=0
 full_count=0

Compilation events (20 events):
Event: 0.125 Thread 0x00007fcdbc01c000  140       3       java.lang.String::lastIndexOf (12 bytes)
Event: 0.126 Thread 0x00007fcdbc01c000 nmethod 140 0x0000000120072f90 code [0x0000000120073160, 0x0000000120073550]
Event: 0.126 Thread 0x00007fcdbc865c00  141       1       java.net.URL::getFile (5 bytes)
Event: 0.126 Thread 0x00007fcdbc01c000  142       3       java.lang.AbstractStringBuilder::newCapacity (59 bytes)
Event: 0.126 Thread 0x00007fcdbc865c00 nmethod 141 0x00000001274aa290 code [0x00000001274aa420, 0x00000001274aa4d0]
Event: 0.126 Thread 0x00007fcdbc01c000 nmethod 142 0x0000000120073710 code [0x0000000120073900, 0x0000000120073e50]
Event: 0.127 Thread 0x00007fcdbc865c00  143       3       jdk.internal.misc.Unsafe::putReferenceRelease (9 bytes)
Event: 0.127 Thread 0x00007fcdbc01c000  145       3       java.util.concurrent.ConcurrentHashMap::setTabAt (20 bytes)
Event: 0.127 Thread 0x00007fcdbc865c00 nmethod 143 0x0000000120074090 code [0x0000000120074220, 0x0000000120074370]
Event: 0.127 Thread 0x00007fcdbc865c00  147       3       java.lang.AbstractStringBuilder::<init> (39 bytes)
Event: 0.127 Thread 0x00007fcdbc01c000 nmethod 145 0x0000000120074410 code [0x00000001200745a0, 0x00000001200747c0]
Event: 0.127 Thread 0x00007fcdbc01c000  146       3       java.lang.StringBuilder::<init> (7 bytes)
Event: 0.127 Thread 0x00007fcdbc01c000 nmethod 146 0x0000000120074890 code [0x0000000120074a20, 0x0000000120074b40]
Event: 0.127 Thread 0x00007fcdbc01c000  149       3       java.util.concurrent.ConcurrentHashMap::get (162 bytes)
Event: 0.127 Thread 0x00007fcdbc865c00 nmethod 147 0x0000000120074c10 code [0x0000000120074da0, 0x0000000120075030]
Event: 0.127 Thread 0x00007fcdbc865c00  148       3       java.lang.StringBuilder::toString (35 bytes)
Event: 0.128 Thread 0x00007fcdbc865c00 nmethod 148 0x0000000120075110 code [0x00000001200752c0, 0x0000000120075550]
Event: 0.128 Thread 0x00007fcdbc01c000 nmethod 149 0x0000000120075610 code [0x0000000120075840, 0x00000001200762e0]
Event: 0.128 Thread 0x00007fcdbc865c00  150       3       java.lang.CharacterData::of (124 bytes)
Event: 0.128 Thread 0x00007fcdbc865c00 nmethod 150 0x0000000120076610 code [0x0000000120076800, 0x0000000120076ff0]

GC Heap History (0 events):
No events

Deoptimization events (20 events):
Event: 0.089 Thread 0x00007fcdbf808a00 DEOPT PACKING pc=0x00000001200572b6 sp=0x000070000d1b3450
Event: 0.089 Thread 0x00007fcdbf808a00 DEOPT UNPACKING pc=0x000000011f950f2b sp=0x000070000d1b2990 mode 0
Event: 0.090 Thread 0x00007fcdbf808a00 DEOPT PACKING pc=0x00000001200572b6 sp=0x000070000d1b3450
Event: 0.090 Thread 0x00007fcdbf808a00 DEOPT UNPACKING pc=0x000000011f950f2b sp=0x000070000d1b2990 mode 0
Event: 0.094 Thread 0x00007fcdbf808a00 DEOPT PACKING pc=0x0000000120056b4e sp=0x000070000d1b34b0
Event: 0.094 Thread 0x00007fcdbf808a00 DEOPT UNPACKING pc=0x000000011f950f2b sp=0x000070000d1b2970 mode 0
Event: 0.094 Thread 0x00007fcdbf808a00 DEOPT PACKING pc=0x0000000120056b4e sp=0x000070000d1b34b0
Event: 0.094 Thread 0x00007fcdbf808a00 DEOPT UNPACKING pc=0x000000011f950f2b sp=0x000070000d1b2970 mode 0
Event: 0.094 Thread 0x00007fcdbf808a00 DEOPT PACKING pc=0x0000000120056b4e sp=0x000070000d1b34b0
Event: 0.094 Thread 0x00007fcdbf808a00 DEOPT UNPACKING pc=0x000000011f950f2b sp=0x000070000d1b2970 mode 0
Event: 0.094 Thread 0x00007fcdbf808a00 DEOPT PACKING pc=0x0000000120056b4e sp=0x000070000d1b34b0
Event: 0.094 Thread 0x00007fcdbf808a00 DEOPT UNPACKING pc=0x000000011f950f2b sp=0x000070000d1b2970 mode 0
Event: 0.094 Thread 0x00007fcdbf808a00 DEOPT PACKING pc=0x0000000120056b4e sp=0x000070000d1b34b0
Event: 0.094 Thread 0x00007fcdbf808a00 DEOPT UNPACKING pc=0x000000011f950f2b sp=0x000070000d1b2970 mode 0
Event: 0.094 Thread 0x00007fcdbf808a00 DEOPT PACKING pc=0x0000000120056b4e sp=0x000070000d1b34b0
Event: 0.094 Thread 0x00007fcdbf808a00 DEOPT UNPACKING pc=0x000000011f950f2b sp=0x000070000d1b2970 mode 0
Event: 0.096 Thread 0x00007fcdbf808a00 DEOPT PACKING pc=0x0000000120056b4e sp=0x000070000d1b34b0
Event: 0.096 Thread 0x00007fcdbf808a00 DEOPT UNPACKING pc=0x000000011f950f2b sp=0x000070000d1b2970 mode 0
Event: 0.096 Thread 0x00007fcdbf808a00 DEOPT PACKING pc=0x0000000120056b4e sp=0x000070000d1b34b0
Event: 0.096 Thread 0x00007fcdbf808a00 DEOPT UNPACKING pc=0x000000011f950f2b sp=0x000070000d1b2970 mode 0

Classes unloaded (0 events):
No events

Classes redefined (0 events):
No events

Internal exceptions (0 events):
No events

Events (20 events):
Event: 0.112 loading class java/io/IOException
Event: 0.112 loading class java/io/IOException done
Event: 0.112 loading class java/io/UnsupportedEncodingException done
Event: 0.113 loading class jdk/internal/module/ModulePatcher$PatchedModuleReader
Event: 0.113 loading class jdk/internal/module/ModulePatcher$PatchedModuleReader done
Event: 0.114 Loaded shared library /Library/Java/JavaVirtualMachines/jdk-15.0.1.jdk/Contents/Home/lib/libjimage.dylib
Event: 0.115 loading class sun/net/www/protocol/jrt/Handler
Event: 0.115 loading class sun/net/www/protocol/jrt/Handler done
Event: 0.116 loading class java/lang/IllegalStateException
Event: 0.116 loading class java/lang/IllegalStateException done
Event: 0.117 loading class java/beans/PropertyChangeListener
Event: 0.118 loading class java/util/EventListener
Event: 0.118 loading class java/util/EventListener done
Event: 0.118 loading class java/beans/PropertyChangeListener done
Event: 0.119 loading class java/security/cert/X509Certificate
Event: 0.119 loading class java/security/cert/X509Extension
Event: 0.119 loading class java/security/cert/X509Extension done
Event: 0.119 loading class java/security/cert/X509Certificate done
Event: 0.129 loading class java/lang/Class$EnclosingMethodInfo
Event: 0.130 loading class java/lang/Class$EnclosingMethodInfo done


Dynamic libraries:
0x00007fff2a607000 	/usr/lib/libz.1.dylib
0x000000010acf9000 	/Library/Java/JavaVirtualMachines/jdk-15.0.1.jdk/Contents/Home/lib/libjli.dylib
0x00007fff35159000 	/System/Library/Frameworks/Cocoa.framework/Versions/A/Cocoa
0x00007fff2237e000 	/System/Library/Frameworks/Security.framework/Versions/A/Security
0x00007fff33356000 	/System/Library/Frameworks/ApplicationServices.framework/Versions/A/ApplicationServices
0x00007fff2a6cf000 	/usr/lib/libSystem.B.dylib
0x00007fff2a6c9000 	/usr/lib/system/libcache.dylib
0x00007fff2a685000 	/usr/lib/system/libcommonCrypto.dylib
0x00007fff2a6af000 	/usr/lib/system/libcompiler_rt.dylib
0x00007fff2a6a4000 	/usr/lib/system/libcopyfile.dylib
0x00007fff20252000 	/usr/lib/system/libcorecrypto.dylib
0x00007fff2031f000 	/usr/lib/system/libdispatch.dylib
0x00007fff204d3000 	/usr/lib/system/libdyld.dylib
0x00007fff2a6c0000 	/usr/lib/system/libkeymgr.dylib
0x00007fff2db08000 	/usr/lib/system/liblaunch.dylib
0x00007fff2a663000 	/usr/lib/system/libmacho.dylib
0x00007fff29e7d000 	/usr/lib/system/libquarantine.dylib
0x00007fff2a6bd000 	/usr/lib/system/libremovefile.dylib
0x00007fff24d15000 	/usr/lib/system/libsystem_asl.dylib
0x00007fff20202000 	/usr/lib/system/libsystem_blocks.dylib
0x00007fff203a0000 	/usr/lib/system/libsystem_c.dylib
0x00007fff2a6b7000 	/usr/lib/system/libsystem_collections.dylib
0x00007fff29171000 	/usr/lib/system/libsystem_configuration.dylib
0x00007fff28464000 	/usr/lib/system/libsystem_containermanager.dylib
0x00007fff2a3ff000 	/usr/lib/system/libsystem_coreservices.dylib
0x00007fff22932000 	/usr/lib/system/libsystem_darwin.dylib
0x00007fff2a6c1000 	/usr/lib/system/libsystem_dnssd.dylib
0x00007fff2039d000 	/usr/lib/system/libsystem_featureflags.dylib
0x00007fff20518000 	/usr/lib/system/libsystem_info.dylib
0x00007fff2a61a000 	/usr/lib/system/libsystem_m.dylib
0x00007fff202f2000 	/usr/lib/system/libsystem_malloc.dylib
0x00007fff24ca9000 	/usr/lib/system/libsystem_networkextension.dylib
0x00007fff22d4d000 	/usr/lib/system/libsystem_notify.dylib
0x00007fff2ffbc000 	/usr/lib/system/libsystem_product_info_filter.dylib
0x00007fff29175000 	/usr/lib/system/libsystem_sandbox.dylib
0x00007fff2a6ba000 	/usr/lib/system/libsystem_secinit.dylib
0x00007fff20498000 	/usr/lib/system/libsystem_kernel.dylib
0x00007fff2050e000 	/usr/lib/system/libsystem_platform.dylib
0x00007fff204c7000 	/usr/lib/system/libsystem_pthread.dylib
0x00007fff26414000 	/usr/lib/system/libsystem_symptoms.dylib
0x00007fff2023a000 	/usr/lib/system/libsystem_trace.dylib
0x00007fff2a691000 	/usr/lib/system/libunwind.dylib
0x00007fff20204000 	/usr/lib/system/libxpc.dylib
0x00007fff2047f000 	/usr/lib/libc++abi.dylib
0x00007fff20364000 	/usr/lib/libobjc.A.dylib
0x00007fff2a69c000 	/usr/lib/liboah.dylib
0x00007fff20429000 	/usr/lib/libc++.1.dylib
0x00007fff20544000 	/System/Library/Frameworks/CoreFoundation.framework/Versions/A/CoreFoundation
0x00007fff212f1000 	/System/Library/Frameworks/Foundation.framework/Versions/C/Foundation
0x00007fff22da5000 	/System/Library/Frameworks/AppKit.framework/Versions/C/AppKit
0x00007fff25c3d000 	/System/Library/Frameworks/CoreData.framework/Versions/A/CoreData
0x00007fff23b08000 	/System/Library/PrivateFrameworks/UIFoundation.framework/Versions/A/UIFoundation
0x00007fff2fd35000 	/System/Library/PrivateFrameworks/RemoteViewServices.framework/Versions/A/RemoteViewServices
0x00007fff28b2e000 	/System/Library/PrivateFrameworks/XCTTargetBootstrap.framework/Versions/A/XCTTargetBootstrap
0x00007fff2b80f000 	/usr/lib/libspindump.dylib
0x00007fff23d5d000 	/System/Library/Frameworks/UniformTypeIdentifiers.framework/Versions/A/UniformTypeIdentifiers
0x00007fff27304000 	/usr/lib/libapp_launch_measurement.dylib
0x00007fff27307000 	/System/Library/PrivateFrameworks/CoreAutoLayout.framework/Versions/A/CoreAutoLayout
0x00007fff28490000 	/System/Library/Frameworks/Metal.framework/Versions/A/Metal
0x00007fff29180000 	/usr/lib/liblangid.dylib
0x00007fff28b32000 	/System/Library/PrivateFrameworks/CoreSVG.framework/Versions/A/CoreSVG
0x00007fff24d44000 	/System/Library/PrivateFrameworks/SkyLight.framework/Versions/A/SkyLight
0x00007fff250ab000 	/System/Library/Frameworks/CoreGraphics.framework/Versions/A/CoreGraphics
0x00007fff3038c000 	/System/Library/Frameworks/Accelerate.framework/Versions/A/Accelerate
0x00007fff2b24a000 	/System/Library/PrivateFrameworks/IconServices.framework/Versions/A/IconServices
0x00007fff28475000 	/System/Library/Frameworks/IOSurface.framework/Versions/A/IOSurface
0x00007fff265c6000 	/usr/lib/libDiagnosticMessagesClient.dylib
0x00007fff28b1a000 	/System/Library/PrivateFrameworks/DFRFoundation.framework/Versions/A/DFRFoundation
0x00007fff226d0000 	/usr/lib/libicucore.A.dylib
0x00007fff2cd56000 	/System/Library/Frameworks/AudioToolbox.framework/Versions/A/AudioToolbox
0x00007fff2bffb000 	/System/Library/PrivateFrameworks/DataDetectorsCore.framework/Versions/A/DataDetectorsCore
0x00007fff2881a000 	/System/Library/Frameworks/Carbon.framework/Versions/A/Frameworks/HIToolbox.framework/Versions/A/HIToolbox
0x00007fff26d5f000 	/System/Library/Frameworks/QuartzCore.framework/Versions/A/QuartzCore
0x00007fff2fd71000 	/System/Library/Frameworks/Carbon.framework/Versions/A/Frameworks/SpeechRecognition.framework/Versions/A/SpeechRecognition
0x00007fff2706c000 	/System/Library/PrivateFrameworks/CoreUI.framework/Versions/A/CoreUI
0x00007fff21cd9000 	/System/Library/Frameworks/CoreAudio.framework/Versions/A/CoreAudio
0x00007fff266b1000 	/System/Library/Frameworks/DiskArbitration.framework/Versions/A/DiskArbitration
0x00007fff2bc0a000 	/System/Library/PrivateFrameworks/MultitouchSupport.framework/Versions/A/MultitouchSupport
0x00007fff2bff2000 	/System/Library/PrivateFrameworks/InternationalSupport.framework/Versions/A/InternationalSupport
0x00007fff24cb8000 	/usr/lib/libenergytrace.dylib
0x00007fff22c9e000 	/System/Library/Frameworks/IOKit.framework/Versions/A/IOKit
0x00007fff300be000 	/System/Library/Frameworks/CoreServices.framework/Versions/A/CoreServices
0x00007fff2729a000 	/System/Library/PrivateFrameworks/PerformanceAnalysis.framework/Versions/A/PerformanceAnalysis
0x00007fff6ca28000 	/System/Library/Frameworks/OpenGL.framework/Versions/A/OpenGL
0x00007fff2c077000 	/System/Library/PrivateFrameworks/UserActivity.framework/Versions/A/UserActivity
0x00007fff2573f000 	/System/Library/Frameworks/ColorSync.framework/Versions/A/ColorSync
0x00007fff28d97000 	/System/Library/Frameworks/CoreImage.framework/Versions/A/CoreImage
0x00007fff21af0000 	/System/Library/Frameworks/CoreText.framework/Versions/A/CoreText
0x00007fff28b5c000 	/System/Library/Frameworks/ImageIO.framework/Versions/A/ImageIO
0x00007fff2a6d5000 	/System/Library/PrivateFrameworks/SoftLinking.framework/Versions/A/SoftLinking
0x00007fff27350000 	/usr/lib/libxml2.2.dylib
0x00007fff2a947000 	/usr/lib/libcompression.dylib
0x00007fff24cb9000 	/usr/lib/libMobileGestalt.dylib
0x00007fff2bf25000 	/System/Library/PrivateFrameworks/TextureIO.framework/Versions/A/TextureIO
0x00007fff2af6d000 	/usr/lib/libate.dylib
0x00007fff2ad52000 	/usr/lib/liblzma.5.dylib
0x00007fff21005000 	/System/Library/Frameworks/SystemConfiguration.framework/Versions/A/SystemConfiguration
0x00007fff2a6d1000 	/usr/lib/libfakelink.dylib
0x00007fff2480b000 	/System/Library/Frameworks/CFNetwork.framework/Versions/A/CFNetwork
0x00007fff2a811000 	/usr/lib/libarchive.2.dylib
0x00007fff21083000 	/usr/lib/libCRFSuite.dylib
0x00007fff29ea4000 	/usr/lib/libbsm.0.dylib
0x00007fff241c7000 	/usr/lib/libnetwork.dylib
0x00007fff2a6d6000 	/usr/lib/libpcap.A.dylib
0x00007fff2640d000 	/usr/lib/libdns_services.dylib
0x00007fff2ad6b000 	/usr/lib/libcoretls_cfhelpers.dylib
0x00007fff2a915000 	/usr/lib/libapple_nghttp2.dylib
0x00007fff2a669000 	/usr/lib/system/libkxld.dylib
0x00007fff26073000 	/usr/lib/libsqlite3.dylib
0x00007fff2a3e1000 	/System/Library/PrivateFrameworks/AppleFSCompression.framework/Versions/A/AppleFSCompression
0x00007fff29e8c000 	/usr/lib/libcoretls.dylib
0x00007fff2a942000 	/usr/lib/libpam.2.dylib
0x00007fff2ae68000 	/usr/lib/libxar.1.dylib
0x00007fff2917c000 	/System/Library/PrivateFrameworks/AppleSystemInfo.framework/Versions/A/AppleSystemInfo
0x00007fff29acf000 	/System/Library/PrivateFrameworks/IOMobileFramebuffer.framework/Versions/A/IOMobileFramebuffer
0x00007fff2a3f1000 	/usr/lib/libbz2.1.0.dylib
0x00007fff2a70e000 	/usr/lib/libiconv.2.dylib
0x00007fff2a662000 	/usr/lib/libcharset.1.dylib
0x00007fff272d6000 	/System/Library/Frameworks/CoreServices.framework/Versions/A/Frameworks/FSEvents.framework/Versions/A/FSEvents
0x00007fff2293c000 	/System/Library/Frameworks/CoreServices.framework/Versions/A/Frameworks/CarbonCore.framework/Versions/A/CarbonCore
0x00007fff26616000 	/System/Library/Frameworks/CoreServices.framework/Versions/A/Frameworks/Metadata.framework/Versions/A/Metadata
0x00007fff2a404000 	/System/Library/Frameworks/CoreServices.framework/Versions/A/Frameworks/OSServices.framework/Versions/A/OSServices
0x00007fff2a883000 	/System/Library/Frameworks/CoreServices.framework/Versions/A/Frameworks/SearchKit.framework/Versions/A/SearchKit
0x00007fff26397000 	/System/Library/Frameworks/CoreServices.framework/Versions/A/Frameworks/AE.framework/Versions/A/AE
0x00007fff209e0000 	/System/Library/Frameworks/CoreServices.framework/Versions/A/Frameworks/LaunchServices.framework/Versions/A/LaunchServices
0x00007fff2ad03000 	/System/Library/Frameworks/CoreServices.framework/Versions/A/Frameworks/DictionaryServices.framework/Versions/A/DictionaryServices
0x00007fff272df000 	/System/Library/Frameworks/CoreServices.framework/Versions/A/Frameworks/SharedFileList.framework/Versions/A/SharedFileList
0x00007fff29e80000 	/usr/lib/libCheckFix.dylib
0x00007fff24d2c000 	/System/Library/PrivateFrameworks/TCC.framework/Versions/A/TCC
0x00007fff29182000 	/System/Library/PrivateFrameworks/CoreNLP.framework/Versions/A/CoreNLP
0x00007fff265c9000 	/System/Library/PrivateFrameworks/MetadataUtilities.framework/Versions/A/MetadataUtilities
0x00007fff210b9000 	/usr/lib/libmecabra.dylib
0x00007fff2a193000 	/System/Library/Frameworks/MLCompute.framework/Versions/A/MLCompute
0x00007fff29eb5000 	/usr/lib/libmecab.dylib
0x00007fff29eff000 	/usr/lib/libgermantok.dylib
0x00007fff2a8eb000 	/usr/lib/libThaiTokenizer.dylib
0x00007fff2aea3000 	/usr/lib/libChineseTokenizer.dylib
0x00007fff2a940000 	/System/Library/Frameworks/MetalPerformanceShaders.framework/Versions/A/MetalPerformanceShaders
0x00007fff266b8000 	/System/Library/Frameworks/Accelerate.framework/Versions/A/Frameworks/vImage.framework/Versions/A/vImage
0x00007fff30097000 	/System/Library/Frameworks/Accelerate.framework/Versions/A/Frameworks/vecLib.framework/Versions/A/vecLib
0x00007fff2aeae000 	/System/Library/Frameworks/Accelerate.framework/Versions/A/Frameworks/vecLib.framework/Versions/A/libvMisc.dylib
0x00007fff298e8000 	/System/Library/Frameworks/Accelerate.framework/Versions/A/Frameworks/vecLib.framework/Versions/A/libvDSP.dylib
0x00007fff20ce4000 	/System/Library/Frameworks/Accelerate.framework/Versions/A/Frameworks/vecLib.framework/Versions/A/libBLAS.dylib
0x00007fff2a966000 	/System/Library/Frameworks/Accelerate.framework/Versions/A/Frameworks/vecLib.framework/Versions/A/libLAPACK.dylib
0x00007fff29f05000 	/System/Library/Frameworks/Accelerate.framework/Versions/A/Frameworks/vecLib.framework/Versions/A/libLinearAlgebra.dylib
0x00007fff2a92d000 	/System/Library/Frameworks/Accelerate.framework/Versions/A/Frameworks/vecLib.framework/Versions/A/libSparseBLAS.dylib
0x00007fff2a960000 	/System/Library/Frameworks/Accelerate.framework/Versions/A/Frameworks/vecLib.framework/Versions/A/libQuadrature.dylib
0x00007fff2922a000 	/System/Library/Frameworks/Accelerate.framework/Versions/A/Frameworks/vecLib.framework/Versions/A/libBNNS.dylib
0x00007fff20f96000 	/System/Library/Frameworks/Accelerate.framework/Versions/A/Frameworks/vecLib.framework/Versions/A/libSparse.dylib
0x00007fff29115000 	/System/Library/Frameworks/MetalPerformanceShaders.framework/Versions/A/Frameworks/MPSCore.framework/Versions/A/MPSCore
0x00007fff2a350000 	/System/Library/Frameworks/MetalPerformanceShaders.framework/Versions/A/Frameworks/MPSImage.framework/Versions/A/MPSImage
0x00007fff29f1b000 	/System/Library/Frameworks/MetalPerformanceShaders.framework/Versions/A/Frameworks/MPSNeuralNetwork.framework/Versions/A/MPSNeuralNetwork
0x00007fff2a2db000 	/System/Library/Frameworks/MetalPerformanceShaders.framework/Versions/A/Frameworks/MPSMatrix.framework/Versions/A/MPSMatrix
0x00007fff2a143000 	/System/Library/Frameworks/MetalPerformanceShaders.framework/Versions/A/Frameworks/MPSRayIntersector.framework/Versions/A/MPSRayIntersector
0x00007fff2a312000 	/System/Library/Frameworks/MetalPerformanceShaders.framework/Versions/A/Frameworks/MPSNDArray.framework/Versions/A/MPSNDArray
0x00007fff20c10000 	/System/Library/PrivateFrameworks/MetalTools.framework/Versions/A/MetalTools
0x00007fff2917a000 	/System/Library/PrivateFrameworks/AggregateDictionary.framework/Versions/A/AggregateDictionary
0x00007fff265a1000 	/System/Library/PrivateFrameworks/CoreAnalytics.framework/Versions/A/CoreAnalytics
0x00007fff2a8ed000 	/System/Library/PrivateFrameworks/AppleSauce.framework/Versions/A/AppleSauce
0x00007fff28487000 	/System/Library/PrivateFrameworks/IOAccelerator.framework/Versions/A/IOAccelerator
0x00007fff6ca1c000 	/System/Library/Frameworks/OpenGL.framework/Versions/A/Libraries/libCoreFSCache.dylib
0x00007fff21655000 	/System/Library/PrivateFrameworks/LanguageModeling.framework/Versions/A/LanguageModeling
0x00007fff29abc000 	/System/Library/PrivateFrameworks/CoreEmoji.framework/Versions/A/CoreEmoji
0x00007fff29223000 	/System/Library/PrivateFrameworks/LinguisticData.framework/Versions/A/LinguisticData
0x00007fff20f48000 	/System/Library/PrivateFrameworks/Lexicon.framework/Versions/A/Lexicon
0x00007fff2a7ff000 	/usr/lib/libcmph.dylib
0x00007fff272b6000 	/System/Library/Frameworks/OpenDirectory.framework/Versions/A/Frameworks/CFOpenDirectory.framework/Versions/A/CFOpenDirectory
0x00007fff272a6000 	/System/Library/Frameworks/OpenDirectory.framework/Versions/A/OpenDirectory
0x00007fff2ad6d000 	/System/Library/PrivateFrameworks/APFS.framework/Versions/A/APFS
0x00007fff29de1000 	/System/Library/Frameworks/SecurityFoundation.framework/Versions/A/SecurityFoundation
0x00007fff2ae76000 	/usr/lib/libutil.dylib
0x00007fff22c63000 	/System/Library/PrivateFrameworks/CoreServicesStore.framework/Versions/A/CoreServicesStore
0x00007fff29e78000 	/System/Library/Frameworks/ServiceManagement.framework/Versions/A/ServiceManagement
0x00007fff2ae7a000 	/usr/lib/libxslt.1.dylib
0x00007fff29e6e000 	/System/Library/PrivateFrameworks/BackgroundTaskManagement.framework/Versions/A/BackgroundTaskManagement
0x00007fff2be6f000 	/System/Library/Frameworks/ImageIO.framework/Versions/A/Resources/libRadiance.dylib
0x00007fff2be79000 	/System/Library/Frameworks/ImageIO.framework/Versions/A/Resources/libJPEG.dylib
0x00007fff2bdc4000 	/System/Library/Frameworks/ImageIO.framework/Versions/A/Resources/libPng.dylib
0x00007fff2bdeb000 	/System/Library/Frameworks/ImageIO.framework/Versions/A/Resources/libTIFF.dylib
0x00007fff2bece000 	/System/Library/Frameworks/ImageIO.framework/Versions/A/Resources/libGIF.dylib
0x00007fff2bb27000 	/System/Library/Frameworks/ImageIO.framework/Versions/A/Resources/libJP2.dylib
0x00007fff2b211000 	/usr/lib/libexpat.1.dylib
0x00007fff2badc000 	/System/Library/PrivateFrameworks/AppleJPEG.framework/Versions/A/AppleJPEG
0x00007fff286bd000 	/System/Library/PrivateFrameworks/FontServices.framework/libFontParser.dylib
0x00007fff2634b000 	/System/Library/PrivateFrameworks/RunningBoardServices.framework/Versions/A/RunningBoardServices
0x00007fff2bc06000 	/System/Library/PrivateFrameworks/WatchdogClient.framework/Versions/A/WatchdogClient
0x00007fff21742000 	/System/Library/Frameworks/CoreDisplay.framework/Versions/A/CoreDisplay
0x00007fff285d3000 	/System/Library/Frameworks/CoreMedia.framework/Versions/A/CoreMedia
0x00007fff27433000 	/System/Library/Frameworks/CoreVideo.framework/Versions/A/CoreVideo
0x00007fff2bc3e000 	/System/Library/Frameworks/VideoToolbox.framework/Versions/A/VideoToolbox
0x00007fff262c9000 	/System/Library/PrivateFrameworks/BaseBoard.framework/Versions/A/BaseBoard
0x00007fff2b356000 	/System/Library/PrivateFrameworks/PersistentConnection.framework/Versions/A/PersistentConnection
0x00007fff2605c000 	/System/Library/PrivateFrameworks/ProtocolBuffer.framework/Versions/A/ProtocolBuffer
0x00007fff262b0000 	/System/Library/PrivateFrameworks/CommonUtilities.framework/Versions/A/CommonUtilities
0x00007fff2ba71000 	/System/Library/PrivateFrameworks/Bom.framework/Versions/A/Bom
0x00007fff2be68000 	/System/Library/PrivateFrameworks/GPUWrangler.framework/Versions/A/GPUWrangler
0x00007fff2be4b000 	/System/Library/PrivateFrameworks/IOPresentment.framework/Versions/A/IOPresentment
0x00007fff2be73000 	/System/Library/PrivateFrameworks/DSExternalDisplay.framework/Versions/A/DSExternalDisplay
0x00007fff2bed3000 	/System/Library/PrivateFrameworks/CMCaptureCore.framework/Versions/A/CMCaptureCore
0x00007fff2b7f6000 	/System/Library/PrivateFrameworks/AppServerSupport.framework/Versions/A/AppServerSupport
0x00007fff2d8a7000 	/System/Library/PrivateFrameworks/perfdata.framework/Versions/A/perfdata
0x00007fff29dd0000 	/System/Library/PrivateFrameworks/AssertionServices.framework/Versions/A/AssertionServices
0x00007fff21879000 	/System/Library/PrivateFrameworks/AudioToolboxCore.framework/Versions/A/AudioToolboxCore
0x00007fff285b6000 	/System/Library/PrivateFrameworks/caulk.framework/Versions/A/caulk
0x00007fff3d552000 	/System/Library/PrivateFrameworks/SystemPolicy.framework/Versions/A/SystemPolicy
0x00007fff2b006000 	/usr/lib/libIOReport.dylib
0x00007fff2d0c9000 	/usr/lib/libSMC.dylib
0x00007fff2bd91000 	/usr/lib/libAudioToolboxUtility.dylib
0x00007fff3debc000 	/usr/lib/libmis.dylib
0x00007fff6ca78000 	/System/Library/Frameworks/OpenGL.framework/Versions/A/Libraries/libGLU.dylib
0x00007fff6ca3b000 	/System/Library/Frameworks/OpenGL.framework/Versions/A/Libraries/libGFXShared.dylib
0x00007fff6cc4a000 	/System/Library/Frameworks/OpenGL.framework/Versions/A/Libraries/libGL.dylib
0x00007fff6ca44000 	/System/Library/Frameworks/OpenGL.framework/Versions/A/Libraries/libGLImage.dylib
0x00007fff6ca38000 	/System/Library/Frameworks/OpenGL.framework/Versions/A/Libraries/libCVMSPluginSupport.dylib
0x00007fff6ca23000 	/System/Library/Frameworks/OpenGL.framework/Versions/A/Libraries/libCoreVMClient.dylib
0x00007fff6e08b000 	/System/Library/Frameworks/OpenCL.framework/Versions/A/OpenCL
0x00007fff2b380000 	/System/Library/PrivateFrameworks/GraphVisualizer.framework/Versions/A/GraphVisualizer
0x00007fff2b38f000 	/System/Library/PrivateFrameworks/FaceCore.framework/Versions/A/FaceCore
0x00007fff2b7ab000 	/System/Library/PrivateFrameworks/OTSVG.framework/Versions/A/OTSVG
0x00007fff2702a000 	/System/Library/Frameworks/ApplicationServices.framework/Versions/A/Frameworks/ATS.framework/Versions/A/Resources/libFontRegistry.dylib
0x00007fff2b7fd000 	/System/Library/PrivateFrameworks/FontServices.framework/libhvf.dylib
0x00007fff2b1bd000 	/System/Library/PrivateFrameworks/AppleVA.framework/Versions/A/AppleVA
0x00007fff2cf12000 	/System/Library/Frameworks/ApplicationServices.framework/Versions/A/Frameworks/ATS.framework/Versions/A/ATS
0x00007fff2d224000 	/System/Library/Frameworks/ApplicationServices.framework/Versions/A/Frameworks/ColorSyncLegacy.framework/Versions/A/ColorSyncLegacy
0x00007fff25836000 	/System/Library/Frameworks/ApplicationServices.framework/Versions/A/Frameworks/HIServices.framework/Versions/A/HIServices
0x00007fff2d209000 	/System/Library/Frameworks/ApplicationServices.framework/Versions/A/Frameworks/LangAnalysis.framework/Versions/A/LangAnalysis
0x00007fff2bedd000 	/System/Library/Frameworks/ApplicationServices.framework/Versions/A/Frameworks/PrintCore.framework/Versions/A/PrintCore
0x00007fff2d22c000 	/System/Library/Frameworks/ApplicationServices.framework/Versions/A/Frameworks/QD.framework/Versions/A/QD
0x00007fff2cf02000 	/System/Library/Frameworks/ApplicationServices.framework/Versions/A/Frameworks/SpeechSynthesis.framework/Versions/A/SpeechSynthesis
0x00007fff2be9e000 	/System/Library/Frameworks/ApplicationServices.framework/Versions/A/Frameworks/ATSUI.framework/Versions/A/ATSUI
0x00007fff2d1a9000 	/usr/lib/libcups.2.dylib
0x00007fff2d219000 	/System/Library/PrivateFrameworks/NetAuth.framework/Versions/A/NetAuth
0x00007fff2d8c3000 	/System/Library/Frameworks/Kerberos.framework/Versions/A/Kerberos
0x00007fff2d8d3000 	/System/Library/Frameworks/GSS.framework/Versions/A/GSS
0x00007fff2cf7e000 	/usr/lib/libresolv.9.dylib
0x00007fff2b812000 	/System/Library/PrivateFrameworks/Heimdal.framework/Versions/A/Heimdal
0x00007fff33657000 	/System/Library/Frameworks/Kerberos.framework/Versions/A/Libraries/libHeimdalProxy.dylib
0x00007fff2641c000 	/System/Library/Frameworks/Network.framework/Versions/A/Network
0x00007fff2b22b000 	/usr/lib/libheimdal-asn1.dylib
0x00007fff2d923000 	/System/Library/PrivateFrameworks/CommonAuth.framework/Versions/A/CommonAuth
0x00007fff27480000 	/System/Library/PrivateFrameworks/login.framework/Versions/A/Frameworks/loginsupport.framework/Versions/A/loginsupport
0x00007fff2ce87000 	/System/Library/PrivateFrameworks/AudioSession.framework/Versions/A/AudioSession
0x00007fff2ceef000 	/usr/lib/libAudioStatistics.dylib
0x00007fff2b2b8000 	/System/Library/PrivateFrameworks/MediaExperience.framework/Versions/A/MediaExperience
0x00007fff2cd24000 	/System/Library/PrivateFrameworks/AudioSession.framework/libSessionUtility.dylib
0x00007fff2d8b4000 	/usr/lib/libperfcheck.dylib
0x00007fff2d238000 	/System/Library/PrivateFrameworks/AudioResourceArbitration.framework/Versions/A/AudioResourceArbitration
0x00007fff2b235000 	/System/Library/PrivateFrameworks/IconFoundation.framework/Versions/A/IconFoundation
0x00007fff2fd61000 	/System/Library/PrivateFrameworks/SpeechRecognitionCore.framework/Versions/A/SpeechRecognitionCore
0x000000010ad2e000 	/Library/Java/JavaVirtualMachines/jdk-15.0.1.jdk/Contents/Home/lib/server/libjvm.dylib
0x000000010bcea000 	/Library/Java/JavaVirtualMachines/jdk-15.0.1.jdk/Contents/Home/lib/libjimage.dylib
0x000000010bd40000 	/Library/Java/JavaVirtualMachines/jdk-15.0.1.jdk/Contents/Home/lib/libjava.dylib
0x000000010e025000 	/Library/Java/JavaVirtualMachines/jdk-15.0.1.jdk/Contents/Home/lib/libnio.dylib
0x000000010e039000 	/Library/Java/JavaVirtualMachines/jdk-15.0.1.jdk/Contents/Home/lib/libnet.dylib
0x000000010e052000 	/Library/Java/JavaVirtualMachines/jdk-15.0.1.jdk/Contents/Home/lib/libzip.dylib


VM Arguments:
jvm_args: -Dfile.encoding=UTF-8 -XX:+ShowCodeDetailsInExceptionMessages 
java_command: org.apache.catalina.startup.Tomcat$1
java_class_path (initial): /Users/ankitasaklani/EclipseWorkspaces/Spring Workspace/SpringBootHelloWorld/target/classes:/Users/ankitasaklani/.m2/repository/org/springframework/boot/spring-boot-starter-web/1.5.6.RELEASE/spring-boot-starter-web-1.5.6.RELEASE.jar:/Users/ankitasaklani/.m2/repository/org/springframework/boot/spring-boot-starter/1.5.6.RELEASE/spring-boot-starter-1.5.6.RELEASE.jar:/Users/ankitasaklani/.m2/repository/org/springframework/boot/spring-boot/1.5.6.RELEASE/spring-boot-1.5.6.RELEASE.jar:/Users/ankitasaklani/.m2/repository/org/springframework/boot/spring-boot-autoconfigure/1.5.6.RELEASE/spring-boot-autoconfigure-1.5.6.RELEASE.jar:/Users/ankitasaklani/.m2/repository/org/springframework/boot/spring-boot-starter-logging/1.5.6.RELEASE/spring-boot-starter-logging-1.5.6.RELEASE.jar:/Users/ankitasaklani/.m2/repository/ch/qos/logback/logback-classic/1.1.11/logback-classic-1.1.11.jar:/Users/ankitasaklani/.m2/repository/ch/qos/logback/logback-core/1.1.11/logback-core-1.1.11.jar:/Users/ankitasaklani/.m2/repository/org/slf4j/slf4j-api/1.7.25/slf4j-api-1.7.25.jar:/Users/ankitasaklani/.m2/repository/org/slf4j/jcl-over-slf4j/1.7.25/jcl-over-slf4j-1.7.25.jar:/Users/ankitasaklani/.m2/repository/org/slf4j/jul-to-slf4j/1.7.25/jul-to-slf4j-1.7.25.jar:/Users/ankitasaklani/.m2/repository/org/slf4j/log4j-over-slf4j/1.7.25/log4j-over-slf4j-1.7.25.jar:/Users/ankitasaklani/.m2/repository/org/springframework/spring-core/4.3.10.RELEASE/spring-core-4.3.10.RELEASE.jar:/Users/ankitasaklani/.m2/repository/org/yaml/snakeyaml/1.17/snakeyaml-1.17.jar:/Users/ankitasaklani/.m2/repository/org/springframework/boot/spring-boot-starter-tomcat/1.5.6.RELEASE/spring-boot-starter-tomcat-1.5.6.RELEASE.jar:/Users/ankitasaklani/.m2/repository/org/apache/tomcat/embed/tomcat-embed-core/8.5.16/tomcat-embed-core-8.5.16.jar:/Users/ankitasaklani/.m2/repository/org/apache/tomcat/embed/tomcat-embed-el/8.5.16/tomcat-embed-el-8.5.16.jar:/Users/ankitasaklani/.m2/repository/org/apache/tomcat/embed/tomcat-e
Launcher Type: SUN_STANDARD

[Global flags]
     intx CICompilerCount                          = 12                                        {product} {ergonomic}
     uint ConcGCThreads                            = 3                                         {product} {ergonomic}
     uint G1ConcRefinementThreads                  = 13                                        {product} {ergonomic}
   size_t G1HeapRegionSize                         = 2097152                                   {product} {ergonomic}
    uintx GCDrainStackTargetSize                   = 64                                        {product} {ergonomic}
   size_t InitialHeapSize                          = 268435456                                 {product} {ergonomic}
   size_t MarkStackSize                            = 4194304                                   {product} {ergonomic}
   size_t MaxHeapSize                              = 4294967296                                {product} {ergonomic}
   size_t MaxNewSize                               = 2575302656                                {product} {ergonomic}
   size_t MinHeapDeltaBytes                        = 2097152                                   {product} {ergonomic}
   size_t MinHeapSize                              = 8388608                                   {product} {ergonomic}
    uintx NonNMethodCodeHeapSize                   = 7602480                                {pd product} {ergonomic}
    uintx NonProfiledCodeHeapSize                  = 122027880                              {pd product} {ergonomic}
    uintx ProfiledCodeHeapSize                     = 122027880                              {pd product} {ergonomic}
    uintx ReservedCodeCacheSize                    = 251658240                              {pd product} {ergonomic}
     bool SegmentedCodeCache                       = true                                      {product} {ergonomic}
     bool ShowCodeDetailsInExceptionMessages       = true                                   {manageable} {command line}
   size_t SoftMaxHeapSize                          = 4294967296                             {manageable} {ergonomic}
     bool UseCompressedClassPointers               = true                                 {lp64_product} {ergonomic}
     bool UseCompressedOops                        = true                                 {lp64_product} {ergonomic}
     bool UseG1GC                                  = true                                      {product} {ergonomic}
     bool UseNUMA                                  = false                                     {product} {ergonomic}
     bool UseNUMAInterleaving                      = false                                     {product} {ergonomic}

Logging:
Log output configuration:
 #0: stdout all=warning uptime,level,tags
 #1: stderr all=off uptime,level,tags

Environment Variables:
PATH=/usr/bin:/bin:/usr/sbin:/sbin
SHELL=/bin/zsh

Signal Handlers:
SIGSEGV: [libjvm.dylib+0x9fe2e0], sa_mask[0]=11111111011111110111111111111111, sa_flags=SA_ONSTACK|SA_RESTART|SA_SIGINFO
SIGBUS: [libjvm.dylib+0x9fe2e0], sa_mask[0]=11111111011111110111111111111111, sa_flags=SA_RESTART|SA_SIGINFO
SIGFPE: [libjvm.dylib+0x9fe2e0], sa_mask[0]=11111111011111110111111111111111, sa_flags=SA_RESTART|SA_SIGINFO
SIGPIPE: [libjvm.dylib+0x82a110], sa_mask[0]=11111111011111110111111111111111, sa_flags=SA_RESTART|SA_SIGINFO
SIGXFSZ: [libjvm.dylib+0x82a110], sa_mask[0]=11111111011111110111111111111111, sa_flags=SA_RESTART|SA_SIGINFO
SIGILL: [libjvm.dylib+0x9fe2e0], sa_mask[0]=11111111011111110111111111111111, sa_flags=SA_RESTART|SA_SIGINFO
SIGUSR2: [libjvm.dylib+0x82ac20], sa_mask[0]=00100000000000000000000000000000, sa_flags=SA_RESTART|SA_SIGINFO
SIGHUP: [libjvm.dylib+0x829320], sa_mask[0]=11111111011111110111111111111111, sa_flags=SA_RESTART|SA_SIGINFO
SIGINT: [libjvm.dylib+0x829320], sa_mask[0]=11111111011111110111111111111111, sa_flags=SA_RESTART|SA_SIGINFO
SIGTERM: [libjvm.dylib+0x829320], sa_mask[0]=11111111011111110111111111111111, sa_flags=SA_RESTART|SA_SIGINFO
SIGQUIT: [libjvm.dylib+0x829320], sa_mask[0]=11111111011111110111111111111111, sa_flags=SA_RESTART|SA_SIGINFO


---------------  S Y S T E M  ---------------

OS:uname: Darwin 20.3.0 Darwin Kernel Version 20.3.0: Thu Jan 21 00:07:06 PST 2021; root:xnu-7195.81.3~1/RELEASE_X86_64 x86_64
OS uptime: 1 days 20:41 hours
rlimit (soft/hard): STACK 8192k/65532k , CORE 0k/infinity , NPROC 2784/4176 , NOFILE 10240/infinity , AS infinity/infinity , CPU infinity/infinity , DATA infinity/infinity , FSIZE infinity/infinity , MEMLOCK infinity/infinity , RSS infinity/infinity
load average: 2.58 1.75 1.74

CPU: total 16 (initial active 16) (8 cores per cpu, 2 threads per core) family 6 model 158 stepping 13 microcode 0xde, cmov, cx8, fxsr, mmx, sse, sse2, sse3, ssse3, sse4.1, sse4.2, popcnt, vzeroupper, avx, avx2, aes, clmul, erms, 3dnowpref, lzcnt, ht, tsc, tscinvbit, bmi1, bmi2, adx, fma, clflush, clflushopt

Memory: 4k page, physical 16777216k(2543940k free), swap 2097152k(1702656k free)

vm_info: Java HotSpot(TM) 64-Bit Server VM (15.0.1+9-18) for bsd-amd64 JRE (15.0.1+9-18), built on Sep 15 2020 13:50:45 by "mach5one" with clang 4.2.1 Compatible Apple LLVM 10.0.0 (clang-1000.11.45.5)

END.
