#
# A fatal error has been detected by the Java Runtime Environment:
#
#  SIGSEGV (0xb) at pc=0x00000001072b64d4, pid=1853, tid=10243
#
# JRE version: Java(TM) SE Runtime Environment (15.0.1+9) (build 15.0.1+9-18)
# Java VM: Java HotSpot(TM) 64-Bit Server VM (15.0.1+9-18, mixed mode, sharing, tiered, compressed oops, g1 gc, bsd-amd64)
# Problematic frame:
# V  [libjvm.dylib+0x34d4]  AccessInternal::PostRuntimeDispatch<G1BarrierSet::AccessBarrier<548980ull, G1BarrierSet>, (AccessInternal::BarrierType)2, 548980ull>::oop_access_barrier(void*)+0x4
#
# No core dump will be written. Core dumps have been disabled. To enable core dumping, try "ulimit -c unlimited" before starting Java again
#
# If you would like to submit a bug report, please visit:
#   https://bugreport.java.com/bugreport/crash.jsp
#

---------------  S U M M A R Y ------------

Command Line: -Dfile.encoding=UTF-8 -XX:+ShowCodeDetailsInExceptionMessages org.apache.catalina.startup.Tomcat$1

Host: MacBookPro16,1 x86_64 2300 MHz, 16 cores, 16G, Darwin 20.2.0
Time: Tue Dec 29 16:43:56 2020 PST elapsed time: 0.102428 seconds (0d 0h 0m 0s)

---------------  T H R E A D  ---------------

Current thread (0x00007fd49c009600):  JavaThread "main" [_thread_in_vm, id=10243, stack(0x0000700002b3c000,0x0000700002c3c000)]

Stack: [0x0000700002b3c000,0x0000700002c3c000],  sp=0x0000700002c3bdf0,  free space=1023k
Native frames: (J=compiled Java code, A=aot compiled Java code, j=interpreted, Vv=VM code, C=native code)
V  [libjvm.dylib+0x34d4]  AccessInternal::PostRuntimeDispatch<G1BarrierSet::AccessBarrier<548980ull, G1BarrierSet>, (AccessInternal::BarrierType)2, 548980ull>::oop_access_barrier(void*)+0x4
V  [libjvm.dylib+0x5167b5]  jni_GetStringUTFChars+0xc5
C  [libjli.dylib+0x79ed]  PostJVMInit+0xad
C  [libjli.dylib+0x4ed8]  JavaMain+0xbb8
C  [libjli.dylib+0x7659]  ThreadJavaMain+0x9
C  [libsystem_pthread.dylib+0x6950]  _pthread_start+0xe0
C  [libsystem_pthread.dylib+0x247b]  thread_start+0xf


siginfo: si_signo: 11 (SIGSEGV), si_code: 1 (SEGV_MAPERR), si_addr: 0x0000000000000000

Register to memory mapping:

RAX=0x000000010827b000 points into unknown readable memory: 0x0000000000000000 | 00 00 00 00 00 00 00 00
RBX=0x0 is NULL
RCX=0x0000000107e6ae70: jni_NativeInterface+0 in /Library/Java/JavaVirtualMachines/jdk-15.0.1.jdk/Contents/Home/lib/server/libjvm.dylib at 0x00000001072b3000
RDX=0x0 is NULL
RSP=0x0000700002c3bdf0 is pointing into the stack for thread: 0x00007fd49c009600
RBP=0x0000700002c3bdf0 is pointing into the stack for thread: 0x00007fd49c009600
RSI=0x0 is NULL
RDI=0x0 is NULL
R8 ={method} {0x000000080000e2b8} 'getCanonicalName' '()Ljava/lang/String;' in 'java/lang/Class'
R9 =0x00007fd49af08040 points into unknown readable memory: 0x000000080000e2b8 | b8 e2 00 00 08 00 00 00
R10=0x0000000107ee90c0: _ZN19TemplateInterpreter13_active_tableE+0x4800 in /Library/Java/JavaVirtualMachines/jdk-15.0.1.jdk/Contents/Home/lib/server/libjvm.dylib at 0x00000001072b3000
R11=0x0 is NULL
R12=0x00007fd49c009600 is a thread
R13=0x0 is NULL
R14=0x0 is NULL
R15=0x0 is NULL


Registers:
RAX=0x000000010827b000, RBX=0x0000000000000000, RCX=0x0000000107e6ae70, RDX=0x0000000000000000
RSP=0x0000700002c3bdf0, RBP=0x0000700002c3bdf0, RSI=0x0000000000000000, RDI=0x0000000000000000
R8 =0x000000080000e2b8, R9 =0x00007fd49af08040, R10=0x0000000107ee90c0, R11=0x0000000000000000
R12=0x00007fd49c009600, R13=0x0000000000000000, R14=0x0000000000000000, R15=0x0000000000000000
RIP=0x00000001072b64d4, EFLAGS=0x0000000000010246, ERR=0x0000000000000004
  TRAPNO=0x000000000000000e

Top of Stack: (sp=0x0000700002c3bdf0)
0x0000700002c3bdf0:   0000700002c3be80 00000001077c97b5
0x0000700002c3be00:   00007fd49c009600 0000000000000000
0x0000700002c3be10:   000000010728ab92 000000010728ab81
0x0000700002c3be20:   951d6fdd1fdb00e0 00007fd49c009928
0x0000700002c3be30:   00007fd49c009600 0000000000000000
0x0000700002c3be40:   0000000000000000 00007fd49c009600
0x0000700002c3be50:   0000700002c3be80 00007fd49c009928
0x0000700002c3be60:   00007fd49af08968 0000000000000000
0x0000700002c3be70:   0000000000000000 00007fd49af08960
0x0000700002c3be80:   0000700002c3bf10 00000001072869ed
0x0000700002c3be90:   00007fd49c009928 00007fd49c009600
0x0000700002c3bea0:   0000700002c3bed0 00000001077b65df
0x0000700002c3beb0:   951d6fdd1fdb00e0 00007fd49af08948
0x0000700002c3bec0:   00007fd49af08968 0000000000000000
0x0000700002c3bed0:   00007fd49c009928 00007fd49c009600
0x0000700002c3bee0:   0000700002c3bf10 951d6fdd1fdb00e0
0x0000700002c3bef0:   00007fd49af08948 00007fd49af08968
0x0000700002c3bf00:   00007fd49af08978 00007fd49af08960
0x0000700002c3bf10:   0000700002c3bfa0 0000000107283ed8
0x0000700002c3bf20:   0000000000000000 0005b7a3cd53eb38
0x0000700002c3bf30:   0000000500010002 00007fd49ad069e0
0x0000700002c3bf40:   0000000000000000 0000000000000000
0x0000700002c3bf50:   00007fd49ad04210 0000000000000001
0x0000700002c3bf60:   00007fd49ad04190 00007fd49c009928
0x0000700002c3bf70:   0000000107e6ae68 0000700002c3c000
0x0000700002c3bf80:   0000000000000000 0000000000000000
0x0000700002c3bf90:   0000000000000000 0000000000000000
0x0000700002c3bfa0:   0000700002c3bfb0 0000000107286659
0x0000700002c3bfb0:   0000700002c3bfd0 00007fff20320950
0x0000700002c3bfc0:   0000000000000000 0000000000000000
0x0000700002c3bfd0:   0000700002c3bff0 00007fff2031c47b
0x0000700002c3bfe0:   0000000000000000 0000000000000000 

Instructions: (pc=0x00000001072b64d4)
0x00000001072b63d4:   ff 0b 73 0e 48 63 c7 48 8d 0d ae 7e ae 00 8b 04
0x00000001072b63e4:   81 c3 55 48 89 e5 48 8d 3d 13 94 a6 00 be 9c 00
0x00000001072b63f4:   00 00 e8 75 bc 2f 00 e8 b0 42 82 00 31 c0 5d c3
0x00000001072b6404:   66 66 66 2e 0f 1f 84 00 00 00 00 00 55 48 89 e5
0x00000001072b6414:   48 8b 47 08 0f b7 48 32 0f b7 40 30 8d 44 01 19
0x00000001072b6424:   5d c3 66 2e 0f 1f 84 00 00 00 00 00 55 48 89 e5
0x00000001072b6434:   53 50 48 89 fb 48 8d 0d f8 4a c1 00 48 8d 05 d9
0x00000001072b6444:   91 be 00 48 8b 00 8b 40 10 ff c8 80 39 00 74 10
0x00000001072b6454:   83 f8 04 73 1f 48 98 48 8d 0d 7e d4 b0 00 eb 0e
0x00000001072b6464:   83 f8 04 73 0f 48 98 48 8d 0d 8e d4 b0 00 48 8b
0x00000001072b6474:   04 c1 eb 21 48 8d 3d bc 93 a6 00 48 8d 15 e5 93
0x00000001072b6484:   a6 00 be e8 00 00 00 31 c0 e8 de b9 2f 00 e8 19
0x00000001072b6494:   42 82 00 31 c0 48 89 05 90 11 bb 00 48 89 df 48
0x00000001072b64a4:   83 c4 08 5b 5d ff e0 0f 1f 44 00 00 55 48 89 e5
0x00000001072b64b4:   48 8b 07 5d c3 0f 1f 80 00 00 00 00 55 48 89 e5
0x00000001072b64c4:   48 8b 07 5d c3 0f 1f 80 00 00 00 00 55 48 89 e5
0x00000001072b64d4:   48 8b 07 5d c3 0f 1f 80 00 00 00 00 55 48 89 e5
0x00000001072b64e4:   41 57 41 56 53 50 49 89 fe 49 8b 1e 4c 8d 3d 41
0x00000001072b64f4:   67 c4 00 49 85 1f 74 3c 48 89 df e8 8c 31 a3 00
0x00000001072b6504:   48 89 c1 48 85 c9 74 29 48 89 d8 f0 49 0f b1 0e
0x00000001072b6514:   48 89 c2 48 39 da 74 19 0f 1f 40 00 49 85 17 74
0x00000001072b6524:   10 48 89 d0 f0 49 0f b1 0e 48 39 d0 48 89 c2 75
0x00000001072b6534:   eb 48 89 cb 48 89 d8 48 83 c4 08 5b 41 5e 41 5f
0x00000001072b6544:   5d c3 66 2e 0f 1f 84 00 00 00 00 00 55 48 89 e5
0x00000001072b6554:   48 8b 07 5d c3 0f 1f 80 00 00 00 00 55 48 89 e5
0x00000001072b6564:   48 8b 07 5d c3 0f 1f 80 00 00 00 00 55 48 89 e5
0x00000001072b6574:   48 8b 07 5d c3 0f 1f 80 00 00 00 00 55 48 89 e5
0x00000001072b6584:   41 57 41 56 53 50 49 89 fe 49 8b 1e 4c 8d 3d a1
0x00000001072b6594:   66 c4 00 49 85 1f 74 3c 48 89 df e8 ec 30 a3 00
0x00000001072b65a4:   48 89 c1 48 85 c9 74 29 48 89 d8 f0 49 0f b1 0e
0x00000001072b65b4:   48 89 c2 48 39 da 74 19 0f 1f 40 00 49 85 17 74
0x00000001072b65c4:   10 48 89 d0 f0 49 0f b1 0e 48 39 d0 48 89 c2 75 


Stack slot to memory mapping:
stack at sp + 0 slots: 0x0000700002c3be80 is pointing into the stack for thread: 0x00007fd49c009600
stack at sp + 1 slots: 0x00000001077c97b5: jni_GetStringUTFChars+0xc5 in /Library/Java/JavaVirtualMachines/jdk-15.0.1.jdk/Contents/Home/lib/server/libjvm.dylib at 0x00000001072b3000
stack at sp + 2 slots: 0x00007fd49c009600 is a thread
stack at sp + 3 slots: 0x0 is NULL
stack at sp + 4 slots: 0x000000010728ab92: JLI_WildcardExpandClasspath+0x2282 in /Library/Java/JavaVirtualMachines/jdk-15.0.1.jdk/Contents/Home/lib/libjli.dylib at 0x000000010727f000
stack at sp + 5 slots: 0x000000010728ab81: JLI_WildcardExpandClasspath+0x2271 in /Library/Java/JavaVirtualMachines/jdk-15.0.1.jdk/Contents/Home/lib/libjli.dylib at 0x000000010727f000
stack at sp + 6 slots: 0x951d6fdd1fdb00e0 is an unknown value
stack at sp + 7 slots: 0x00007fd49c009928 points into unknown readable memory: 0x0000000107e6ae70 | 70 ae e6 07 01 00 00 00


---------------  P R O C E S S  ---------------

Threads class SMR info:
_java_thread_list=0x00007fd49c83ba60, length=12, elements={
0x00007fd49c009600, 0x00007fd49b00e600, 0x00007fd49b008c00, 0x00007fd49f00c000,
0x00007fd49d0f7800, 0x00007fd49d0f7e00, 0x00007fd49d0f8400, 0x00007fd49d0f8a00,
0x00007fd49f858200, 0x00007fd49f014000, 0x00007fd49d0f9000, 0x00007fd49d0e3e00
}

Java Threads: ( => current thread )
=>0x00007fd49c009600 JavaThread "main" [_thread_in_vm, id=10243, stack(0x0000700002b3c000,0x0000700002c3c000)]
  0x00007fd49b00e600 JavaThread "Reference Handler" daemon [_thread_blocked, id=15619, stack(0x0000700003251000,0x0000700003351000)]
  0x00007fd49b008c00 JavaThread "Finalizer" daemon [_thread_blocked, id=13059, stack(0x0000700003354000,0x0000700003454000)]
  0x00007fd49f00c000 JavaThread "Signal Dispatcher" daemon [_thread_blocked, id=22531, stack(0x000070000355d000,0x000070000365d000)]
  0x00007fd49d0f7800 JavaThread "Service Thread" daemon [_thread_blocked, id=41987, stack(0x0000700003660000,0x0000700003760000)]
  0x00007fd49d0f7e00 JavaThread "C2 CompilerThread0" daemon [_thread_blocked, id=41219, stack(0x0000700003763000,0x0000700003863000)]
  0x00007fd49d0f8400 JavaThread "C1 CompilerThread0" daemon [_thread_blocked, id=24323, stack(0x0000700003866000,0x0000700003966000)]
  0x00007fd49d0f8a00 JavaThread "Sweeper thread" daemon [_thread_blocked, id=25091, stack(0x0000700003969000,0x0000700003a69000)]
  0x00007fd49f858200 JavaThread "C1 CompilerThread1" daemon [_thread_blocked, id=40195, stack(0x0000700003a6c000,0x0000700003b6c000)]
  0x00007fd49f014000 JavaThread "C1 CompilerThread2" daemon [_thread_blocked, id=39683, stack(0x0000700003b6f000,0x0000700003c6f000)]
  0x00007fd49d0f9000 JavaThread "Notification Thread" daemon [_thread_blocked, id=38915, stack(0x0000700003c72000,0x0000700003d72000)]
  0x00007fd49d0e3e00 JavaThread "Common-Cleaner" daemon [_thread_blocked, id=26627, stack(0x0000700003e78000,0x0000700003f78000)]

Other Threads:
  0x00007fd49c830710 VMThread "VM Thread" [stack: 0x000070000314e000,0x000070000324e000] [id=16131]
  0x00007fd49c83a450 WatcherThread [stack: 0x0000700003d75000,0x0000700003e75000] [id=26371]
  0x00007fd49af16480 GCTaskThread "GC Thread#0" [stack: 0x0000700002c3f000,0x0000700002d3f000] [id=19203]
  0x00007fd49c8049b0 ConcurrentGCThread "G1 Main Marker" [stack: 0x0000700002d42000,0x0000700002e42000] [id=18691]
  0x00007fd49c8059a0 ConcurrentGCThread "G1 Conc#0" [stack: 0x0000700002e45000,0x0000700002f45000] [id=17923]
  0x00007fd49c823c50 ConcurrentGCThread "G1 Refine#0" [stack: 0x0000700002f48000,0x0000700003048000] [id=17155]
  0x00007fd49c824d00 ConcurrentGCThread "G1 Young RemSet Sampling" [stack: 0x000070000304b000,0x000070000314b000] [id=16643]

Threads with active compile tasks:

VM state: not at safepoint (normal execution)

VM Mutex/Monitor currently owned by a thread: None

Heap address: 0x0000000700000000, size: 4096 MB, Compressed Oops mode: Zero based, Oop shift amount: 3
CDS archive(s) mapped at: [0x0000000800000000-0x0000000800b2c000-0x0000000800b2c000), size 11714560, SharedBaseAddress: 0x0000000800000000, ArchiveRelocationMode: 0.
Compressed class space mapped at: 0x0000000800b2c000-0x0000000840b2c000, size: 1073741824
Narrow klass base: 0x0000000800000000, Narrow klass shift: 3, Narrow klass range: 0x100000000

GC Precious Log:
 CPUs: 16 total, 16 available
 Memory: 16384M
 Large Page Support: Disabled
 NUMA Support: Disabled
 Compressed Oops: Enabled (Zero based)
 Heap Region Size: 2M
 Heap Min Capacity: 8M
 Heap Initial Capacity: 256M
 Heap Max Capacity: 4G
 Pre-touch: Disabled
 Parallel Workers: 13
 Concurrent Workers: 3
 Concurrent Refinement Workers: 13
 Periodic GC: Disabled

Heap:
 garbage-first heap   total 266240K, used 3880K [0x0000000700000000, 0x0000000800000000)
  region size 2048K, 2 young (4096K), 0 survivors (0K)
 Metaspace       used 648K, capacity 4862K, committed 5120K, reserved 1056768K
  class space    used 46K, capacity 426K, committed 512K, reserved 1048576K

Heap Regions: E=young(eden), S=young(survivor), O=old, HS=humongous(starts), HC=humongous(continues), CS=collection set, F=free, OA=open archive, CA=closed archive, TAMS=top-at-mark-start (previous, next)
|   0|0x0000000700000000, 0x0000000700000000, 0x0000000700200000|  0%| F|  |TAMS 0x0000000700000000, 0x0000000700000000| Untracked 
|   1|0x0000000700200000, 0x0000000700200000, 0x0000000700400000|  0%| F|  |TAMS 0x0000000700200000, 0x0000000700200000| Untracked 
|   2|0x0000000700400000, 0x0000000700400000, 0x0000000700600000|  0%| F|  |TAMS 0x0000000700400000, 0x0000000700400000| Untracked 
|   3|0x0000000700600000, 0x0000000700600000, 0x0000000700800000|  0%| F|  |TAMS 0x0000000700600000, 0x0000000700600000| Untracked 
|   4|0x0000000700800000, 0x0000000700800000, 0x0000000700a00000|  0%| F|  |TAMS 0x0000000700800000, 0x0000000700800000| Untracked 
|   5|0x0000000700a00000, 0x0000000700a00000, 0x0000000700c00000|  0%| F|  |TAMS 0x0000000700a00000, 0x0000000700a00000| Untracked 
|   6|0x0000000700c00000, 0x0000000700c00000, 0x0000000700e00000|  0%| F|  |TAMS 0x0000000700c00000, 0x0000000700c00000| Untracked 
|   7|0x0000000700e00000, 0x0000000700e00000, 0x0000000701000000|  0%| F|  |TAMS 0x0000000700e00000, 0x0000000700e00000| Untracked 
|   8|0x0000000701000000, 0x0000000701000000, 0x0000000701200000|  0%| F|  |TAMS 0x0000000701000000, 0x0000000701000000| Untracked 
|   9|0x0000000701200000, 0x0000000701200000, 0x0000000701400000|  0%| F|  |TAMS 0x0000000701200000, 0x0000000701200000| Untracked 
|  10|0x0000000701400000, 0x0000000701400000, 0x0000000701600000|  0%| F|  |TAMS 0x0000000701400000, 0x0000000701400000| Untracked 
|  11|0x0000000701600000, 0x0000000701600000, 0x0000000701800000|  0%| F|  |TAMS 0x0000000701600000, 0x0000000701600000| Untracked 
|  12|0x0000000701800000, 0x0000000701800000, 0x0000000701a00000|  0%| F|  |TAMS 0x0000000701800000, 0x0000000701800000| Untracked 
|  13|0x0000000701a00000, 0x0000000701a00000, 0x0000000701c00000|  0%| F|  |TAMS 0x0000000701a00000, 0x0000000701a00000| Untracked 
|  14|0x0000000701c00000, 0x0000000701c00000, 0x0000000701e00000|  0%| F|  |TAMS 0x0000000701c00000, 0x0000000701c00000| Untracked 
|  15|0x0000000701e00000, 0x0000000701e00000, 0x0000000702000000|  0%| F|  |TAMS 0x0000000701e00000, 0x0000000701e00000| Untracked 
|  16|0x0000000702000000, 0x0000000702000000, 0x0000000702200000|  0%| F|  |TAMS 0x0000000702000000, 0x0000000702000000| Untracked 
|  17|0x0000000702200000, 0x0000000702200000, 0x0000000702400000|  0%| F|  |TAMS 0x0000000702200000, 0x0000000702200000| Untracked 
|  18|0x0000000702400000, 0x0000000702400000, 0x0000000702600000|  0%| F|  |TAMS 0x0000000702400000, 0x0000000702400000| Untracked 
|  19|0x0000000702600000, 0x0000000702600000, 0x0000000702800000|  0%| F|  |TAMS 0x0000000702600000, 0x0000000702600000| Untracked 
|  20|0x0000000702800000, 0x0000000702800000, 0x0000000702a00000|  0%| F|  |TAMS 0x0000000702800000, 0x0000000702800000| Untracked 
|  21|0x0000000702a00000, 0x0000000702a00000, 0x0000000702c00000|  0%| F|  |TAMS 0x0000000702a00000, 0x0000000702a00000| Untracked 
|  22|0x0000000702c00000, 0x0000000702c00000, 0x0000000702e00000|  0%| F|  |TAMS 0x0000000702c00000, 0x0000000702c00000| Untracked 
|  23|0x0000000702e00000, 0x0000000702e00000, 0x0000000703000000|  0%| F|  |TAMS 0x0000000702e00000, 0x0000000702e00000| Untracked 
|  24|0x0000000703000000, 0x0000000703000000, 0x0000000703200000|  0%| F|  |TAMS 0x0000000703000000, 0x0000000703000000| Untracked 
|  25|0x0000000703200000, 0x0000000703200000, 0x0000000703400000|  0%| F|  |TAMS 0x0000000703200000, 0x0000000703200000| Untracked 
|  26|0x0000000703400000, 0x0000000703400000, 0x0000000703600000|  0%| F|  |TAMS 0x0000000703400000, 0x0000000703400000| Untracked 
|  27|0x0000000703600000, 0x0000000703600000, 0x0000000703800000|  0%| F|  |TAMS 0x0000000703600000, 0x0000000703600000| Untracked 
|  28|0x0000000703800000, 0x0000000703800000, 0x0000000703a00000|  0%| F|  |TAMS 0x0000000703800000, 0x0000000703800000| Untracked 
|  29|0x0000000703a00000, 0x0000000703a00000, 0x0000000703c00000|  0%| F|  |TAMS 0x0000000703a00000, 0x0000000703a00000| Untracked 
|  30|0x0000000703c00000, 0x0000000703c00000, 0x0000000703e00000|  0%| F|  |TAMS 0x0000000703c00000, 0x0000000703c00000| Untracked 
|  31|0x0000000703e00000, 0x0000000703e00000, 0x0000000704000000|  0%| F|  |TAMS 0x0000000703e00000, 0x0000000703e00000| Untracked 
|  32|0x0000000704000000, 0x0000000704000000, 0x0000000704200000|  0%| F|  |TAMS 0x0000000704000000, 0x0000000704000000| Untracked 
|  33|0x0000000704200000, 0x0000000704200000, 0x0000000704400000|  0%| F|  |TAMS 0x0000000704200000, 0x0000000704200000| Untracked 
|  34|0x0000000704400000, 0x0000000704400000, 0x0000000704600000|  0%| F|  |TAMS 0x0000000704400000, 0x0000000704400000| Untracked 
|  35|0x0000000704600000, 0x0000000704600000, 0x0000000704800000|  0%| F|  |TAMS 0x0000000704600000, 0x0000000704600000| Untracked 
|  36|0x0000000704800000, 0x0000000704800000, 0x0000000704a00000|  0%| F|  |TAMS 0x0000000704800000, 0x0000000704800000| Untracked 
|  37|0x0000000704a00000, 0x0000000704a00000, 0x0000000704c00000|  0%| F|  |TAMS 0x0000000704a00000, 0x0000000704a00000| Untracked 
|  38|0x0000000704c00000, 0x0000000704c00000, 0x0000000704e00000|  0%| F|  |TAMS 0x0000000704c00000, 0x0000000704c00000| Untracked 
|  39|0x0000000704e00000, 0x0000000704e00000, 0x0000000705000000|  0%| F|  |TAMS 0x0000000704e00000, 0x0000000704e00000| Untracked 
|  40|0x0000000705000000, 0x0000000705000000, 0x0000000705200000|  0%| F|  |TAMS 0x0000000705000000, 0x0000000705000000| Untracked 
|  41|0x0000000705200000, 0x0000000705200000, 0x0000000705400000|  0%| F|  |TAMS 0x0000000705200000, 0x0000000705200000| Untracked 
|  42|0x0000000705400000, 0x0000000705400000, 0x0000000705600000|  0%| F|  |TAMS 0x0000000705400000, 0x0000000705400000| Untracked 
|  43|0x0000000705600000, 0x0000000705600000, 0x0000000705800000|  0%| F|  |TAMS 0x0000000705600000, 0x0000000705600000| Untracked 
|  44|0x0000000705800000, 0x0000000705800000, 0x0000000705a00000|  0%| F|  |TAMS 0x0000000705800000, 0x0000000705800000| Untracked 
|  45|0x0000000705a00000, 0x0000000705a00000, 0x0000000705c00000|  0%| F|  |TAMS 0x0000000705a00000, 0x0000000705a00000| Untracked 
|  46|0x0000000705c00000, 0x0000000705c00000, 0x0000000705e00000|  0%| F|  |TAMS 0x0000000705c00000, 0x0000000705c00000| Untracked 
|  47|0x0000000705e00000, 0x0000000705e00000, 0x0000000706000000|  0%| F|  |TAMS 0x0000000705e00000, 0x0000000705e00000| Untracked 
|  48|0x0000000706000000, 0x0000000706000000, 0x0000000706200000|  0%| F|  |TAMS 0x0000000706000000, 0x0000000706000000| Untracked 
|  49|0x0000000706200000, 0x0000000706200000, 0x0000000706400000|  0%| F|  |TAMS 0x0000000706200000, 0x0000000706200000| Untracked 
|  50|0x0000000706400000, 0x0000000706400000, 0x0000000706600000|  0%| F|  |TAMS 0x0000000706400000, 0x0000000706400000| Untracked 
|  51|0x0000000706600000, 0x0000000706600000, 0x0000000706800000|  0%| F|  |TAMS 0x0000000706600000, 0x0000000706600000| Untracked 
|  52|0x0000000706800000, 0x0000000706800000, 0x0000000706a00000|  0%| F|  |TAMS 0x0000000706800000, 0x0000000706800000| Untracked 
|  53|0x0000000706a00000, 0x0000000706a00000, 0x0000000706c00000|  0%| F|  |TAMS 0x0000000706a00000, 0x0000000706a00000| Untracked 
|  54|0x0000000706c00000, 0x0000000706c00000, 0x0000000706e00000|  0%| F|  |TAMS 0x0000000706c00000, 0x0000000706c00000| Untracked 
|  55|0x0000000706e00000, 0x0000000706e00000, 0x0000000707000000|  0%| F|  |TAMS 0x0000000706e00000, 0x0000000706e00000| Untracked 
|  56|0x0000000707000000, 0x0000000707000000, 0x0000000707200000|  0%| F|  |TAMS 0x0000000707000000, 0x0000000707000000| Untracked 
|  57|0x0000000707200000, 0x0000000707200000, 0x0000000707400000|  0%| F|  |TAMS 0x0000000707200000, 0x0000000707200000| Untracked 
|  58|0x0000000707400000, 0x0000000707400000, 0x0000000707600000|  0%| F|  |TAMS 0x0000000707400000, 0x0000000707400000| Untracked 
|  59|0x0000000707600000, 0x0000000707600000, 0x0000000707800000|  0%| F|  |TAMS 0x0000000707600000, 0x0000000707600000| Untracked 
|  60|0x0000000707800000, 0x0000000707800000, 0x0000000707a00000|  0%| F|  |TAMS 0x0000000707800000, 0x0000000707800000| Untracked 
|  61|0x0000000707a00000, 0x0000000707a00000, 0x0000000707c00000|  0%| F|  |TAMS 0x0000000707a00000, 0x0000000707a00000| Untracked 
|  62|0x0000000707c00000, 0x0000000707c00000, 0x0000000707e00000|  0%| F|  |TAMS 0x0000000707c00000, 0x0000000707c00000| Untracked 
|  63|0x0000000707e00000, 0x0000000707e00000, 0x0000000708000000|  0%| F|  |TAMS 0x0000000707e00000, 0x0000000707e00000| Untracked 
|  64|0x0000000708000000, 0x0000000708000000, 0x0000000708200000|  0%| F|  |TAMS 0x0000000708000000, 0x0000000708000000| Untracked 
|  65|0x0000000708200000, 0x0000000708200000, 0x0000000708400000|  0%| F|  |TAMS 0x0000000708200000, 0x0000000708200000| Untracked 
|  66|0x0000000708400000, 0x0000000708400000, 0x0000000708600000|  0%| F|  |TAMS 0x0000000708400000, 0x0000000708400000| Untracked 
|  67|0x0000000708600000, 0x0000000708600000, 0x0000000708800000|  0%| F|  |TAMS 0x0000000708600000, 0x0000000708600000| Untracked 
|  68|0x0000000708800000, 0x0000000708800000, 0x0000000708a00000|  0%| F|  |TAMS 0x0000000708800000, 0x0000000708800000| Untracked 
|  69|0x0000000708a00000, 0x0000000708a00000, 0x0000000708c00000|  0%| F|  |TAMS 0x0000000708a00000, 0x0000000708a00000| Untracked 
|  70|0x0000000708c00000, 0x0000000708c00000, 0x0000000708e00000|  0%| F|  |TAMS 0x0000000708c00000, 0x0000000708c00000| Untracked 
|  71|0x0000000708e00000, 0x0000000708e00000, 0x0000000709000000|  0%| F|  |TAMS 0x0000000708e00000, 0x0000000708e00000| Untracked 
|  72|0x0000000709000000, 0x0000000709000000, 0x0000000709200000|  0%| F|  |TAMS 0x0000000709000000, 0x0000000709000000| Untracked 
|  73|0x0000000709200000, 0x0000000709200000, 0x0000000709400000|  0%| F|  |TAMS 0x0000000709200000, 0x0000000709200000| Untracked 
|  74|0x0000000709400000, 0x0000000709400000, 0x0000000709600000|  0%| F|  |TAMS 0x0000000709400000, 0x0000000709400000| Untracked 
|  75|0x0000000709600000, 0x0000000709600000, 0x0000000709800000|  0%| F|  |TAMS 0x0000000709600000, 0x0000000709600000| Untracked 
|  76|0x0000000709800000, 0x0000000709800000, 0x0000000709a00000|  0%| F|  |TAMS 0x0000000709800000, 0x0000000709800000| Untracked 
|  77|0x0000000709a00000, 0x0000000709a00000, 0x0000000709c00000|  0%| F|  |TAMS 0x0000000709a00000, 0x0000000709a00000| Untracked 
|  78|0x0000000709c00000, 0x0000000709c00000, 0x0000000709e00000|  0%| F|  |TAMS 0x0000000709c00000, 0x0000000709c00000| Untracked 
|  79|0x0000000709e00000, 0x0000000709e00000, 0x000000070a000000|  0%| F|  |TAMS 0x0000000709e00000, 0x0000000709e00000| Untracked 
|  80|0x000000070a000000, 0x000000070a000000, 0x000000070a200000|  0%| F|  |TAMS 0x000000070a000000, 0x000000070a000000| Untracked 
|  81|0x000000070a200000, 0x000000070a200000, 0x000000070a400000|  0%| F|  |TAMS 0x000000070a200000, 0x000000070a200000| Untracked 
|  82|0x000000070a400000, 0x000000070a400000, 0x000000070a600000|  0%| F|  |TAMS 0x000000070a400000, 0x000000070a400000| Untracked 
|  83|0x000000070a600000, 0x000000070a600000, 0x000000070a800000|  0%| F|  |TAMS 0x000000070a600000, 0x000000070a600000| Untracked 
|  84|0x000000070a800000, 0x000000070a800000, 0x000000070aa00000|  0%| F|  |TAMS 0x000000070a800000, 0x000000070a800000| Untracked 
|  85|0x000000070aa00000, 0x000000070aa00000, 0x000000070ac00000|  0%| F|  |TAMS 0x000000070aa00000, 0x000000070aa00000| Untracked 
|  86|0x000000070ac00000, 0x000000070ac00000, 0x000000070ae00000|  0%| F|  |TAMS 0x000000070ac00000, 0x000000070ac00000| Untracked 
|  87|0x000000070ae00000, 0x000000070ae00000, 0x000000070b000000|  0%| F|  |TAMS 0x000000070ae00000, 0x000000070ae00000| Untracked 
|  88|0x000000070b000000, 0x000000070b000000, 0x000000070b200000|  0%| F|  |TAMS 0x000000070b000000, 0x000000070b000000| Untracked 
|  89|0x000000070b200000, 0x000000070b200000, 0x000000070b400000|  0%| F|  |TAMS 0x000000070b200000, 0x000000070b200000| Untracked 
|  90|0x000000070b400000, 0x000000070b400000, 0x000000070b600000|  0%| F|  |TAMS 0x000000070b400000, 0x000000070b400000| Untracked 
|  91|0x000000070b600000, 0x000000070b600000, 0x000000070b800000|  0%| F|  |TAMS 0x000000070b600000, 0x000000070b600000| Untracked 
|  92|0x000000070b800000, 0x000000070b800000, 0x000000070ba00000|  0%| F|  |TAMS 0x000000070b800000, 0x000000070b800000| Untracked 
|  93|0x000000070ba00000, 0x000000070ba00000, 0x000000070bc00000|  0%| F|  |TAMS 0x000000070ba00000, 0x000000070ba00000| Untracked 
|  94|0x000000070bc00000, 0x000000070bc00000, 0x000000070be00000|  0%| F|  |TAMS 0x000000070bc00000, 0x000000070bc00000| Untracked 
|  95|0x000000070be00000, 0x000000070be00000, 0x000000070c000000|  0%| F|  |TAMS 0x000000070be00000, 0x000000070be00000| Untracked 
|  96|0x000000070c000000, 0x000000070c000000, 0x000000070c200000|  0%| F|  |TAMS 0x000000070c000000, 0x000000070c000000| Untracked 
|  97|0x000000070c200000, 0x000000070c200000, 0x000000070c400000|  0%| F|  |TAMS 0x000000070c200000, 0x000000070c200000| Untracked 
|  98|0x000000070c400000, 0x000000070c400000, 0x000000070c600000|  0%| F|  |TAMS 0x000000070c400000, 0x000000070c400000| Untracked 
|  99|0x000000070c600000, 0x000000070c600000, 0x000000070c800000|  0%| F|  |TAMS 0x000000070c600000, 0x000000070c600000| Untracked 
| 100|0x000000070c800000, 0x000000070c800000, 0x000000070ca00000|  0%| F|  |TAMS 0x000000070c800000, 0x000000070c800000| Untracked 
| 101|0x000000070ca00000, 0x000000070ca00000, 0x000000070cc00000|  0%| F|  |TAMS 0x000000070ca00000, 0x000000070ca00000| Untracked 
| 102|0x000000070cc00000, 0x000000070cc00000, 0x000000070ce00000|  0%| F|  |TAMS 0x000000070cc00000, 0x000000070cc00000| Untracked 
| 103|0x000000070ce00000, 0x000000070ce00000, 0x000000070d000000|  0%| F|  |TAMS 0x000000070ce00000, 0x000000070ce00000| Untracked 
| 104|0x000000070d000000, 0x000000070d000000, 0x000000070d200000|  0%| F|  |TAMS 0x000000070d000000, 0x000000070d000000| Untracked 
| 105|0x000000070d200000, 0x000000070d200000, 0x000000070d400000|  0%| F|  |TAMS 0x000000070d200000, 0x000000070d200000| Untracked 
| 106|0x000000070d400000, 0x000000070d400000, 0x000000070d600000|  0%| F|  |TAMS 0x000000070d400000, 0x000000070d400000| Untracked 
| 107|0x000000070d600000, 0x000000070d600000, 0x000000070d800000|  0%| F|  |TAMS 0x000000070d600000, 0x000000070d600000| Untracked 
| 108|0x000000070d800000, 0x000000070d800000, 0x000000070da00000|  0%| F|  |TAMS 0x000000070d800000, 0x000000070d800000| Untracked 
| 109|0x000000070da00000, 0x000000070da00000, 0x000000070dc00000|  0%| F|  |TAMS 0x000000070da00000, 0x000000070da00000| Untracked 
| 110|0x000000070dc00000, 0x000000070dc00000, 0x000000070de00000|  0%| F|  |TAMS 0x000000070dc00000, 0x000000070dc00000| Untracked 
| 111|0x000000070de00000, 0x000000070de00000, 0x000000070e000000|  0%| F|  |TAMS 0x000000070de00000, 0x000000070de00000| Untracked 
| 112|0x000000070e000000, 0x000000070e000000, 0x000000070e200000|  0%| F|  |TAMS 0x000000070e000000, 0x000000070e000000| Untracked 
| 113|0x000000070e200000, 0x000000070e200000, 0x000000070e400000|  0%| F|  |TAMS 0x000000070e200000, 0x000000070e200000| Untracked 
| 114|0x000000070e400000, 0x000000070e400000, 0x000000070e600000|  0%| F|  |TAMS 0x000000070e400000, 0x000000070e400000| Untracked 
| 115|0x000000070e600000, 0x000000070e600000, 0x000000070e800000|  0%| F|  |TAMS 0x000000070e600000, 0x000000070e600000| Untracked 
| 116|0x000000070e800000, 0x000000070e800000, 0x000000070ea00000|  0%| F|  |TAMS 0x000000070e800000, 0x000000070e800000| Untracked 
| 117|0x000000070ea00000, 0x000000070ea00000, 0x000000070ec00000|  0%| F|  |TAMS 0x000000070ea00000, 0x000000070ea00000| Untracked 
| 118|0x000000070ec00000, 0x000000070ec00000, 0x000000070ee00000|  0%| F|  |TAMS 0x000000070ec00000, 0x000000070ec00000| Untracked 
| 119|0x000000070ee00000, 0x000000070ee00000, 0x000000070f000000|  0%| F|  |TAMS 0x000000070ee00000, 0x000000070ee00000| Untracked 
| 120|0x000000070f000000, 0x000000070f000000, 0x000000070f200000|  0%| F|  |TAMS 0x000000070f000000, 0x000000070f000000| Untracked 
| 121|0x000000070f200000, 0x000000070f200000, 0x000000070f400000|  0%| F|  |TAMS 0x000000070f200000, 0x000000070f200000| Untracked 
| 122|0x000000070f400000, 0x000000070f400000, 0x000000070f600000|  0%| F|  |TAMS 0x000000070f400000, 0x000000070f400000| Untracked 
| 123|0x000000070f600000, 0x000000070f600000, 0x000000070f800000|  0%| F|  |TAMS 0x000000070f600000, 0x000000070f600000| Untracked 
| 124|0x000000070f800000, 0x000000070f800000, 0x000000070fa00000|  0%| F|  |TAMS 0x000000070f800000, 0x000000070f800000| Untracked 
| 125|0x000000070fa00000, 0x000000070fa00000, 0x000000070fc00000|  0%| F|  |TAMS 0x000000070fa00000, 0x000000070fa00000| Untracked 
| 126|0x000000070fc00000, 0x000000070fc775f0, 0x000000070fe00000| 23%| E|  |TAMS 0x000000070fc00000, 0x000000070fc00000| Complete 
| 127|0x000000070fe00000, 0x0000000710000000, 0x0000000710000000|100%| E|CS|TAMS 0x000000070fe00000, 0x000000070fe00000| Complete 
|1534|0x00000007bfc00000, 0x00000007bfd51000, 0x00000007bfe00000| 65%|OA|  |TAMS 0x00000007bfc00000, 0x00000007bfc00000| Untracked 
|1535|0x00000007bfe00000, 0x00000007bfe79000, 0x00000007c0000000| 23%|CA|  |TAMS 0x00000007bfe00000, 0x00000007bfe00000| Untracked 

Card table byte_map: [0x0000000108cd0000,0x00000001094d0000] _byte_map_base: 0x00000001054d0000

Marking Bits (Prev, Next): (CMBitMap*) 0x00007fd49d008610, (CMBitMap*) 0x00007fd49d008650
 Prev Bits: [0x0000000109cd0000, 0x000000010dcd0000)
 Next Bits: [0x000000012e903000, 0x0000000132903000)

Polling page: 0x000000010827a000

Metaspace:

Usage:
  Non-class:      4.33 MB capacity,   602.18 KB ( 14%) used,     3.74 MB ( 86%) free+waste,   704 bytes ( <1%) overhead. 
      Class:    426.00 KB capacity,    46.19 KB ( 11%) used,   379.38 KB ( 89%) free+waste,   448 bytes ( <1%) overhead. 
       Both:      4.75 MB capacity,   648.37 KB ( 13%) used,     4.11 MB ( 87%) free+waste,     1.12 KB ( <1%) overhead. 

Virtual space:
  Non-class space:        8.00 MB reserved,       4.50 MB ( 56%) committed 
      Class space:        1.00 GB reserved,     512.00 KB ( <1%) committed 
             Both:        1.01 GB reserved,       5.00 MB ( <1%) committed 

Chunk freelists:
   Non-Class:  12.00 KB
       Class:  6.00 KB
        Both:  18.00 KB

MaxMetaspaceSize: 17179869184.00 GB
CompressedClassSpaceSize: 1.00 GB

CodeHeap 'non-profiled nmethods': size=119168Kb used=29Kb max_used=29Kb free=119138Kb
 bounds [0x00000001274a3000, 0x0000000127713000, 0x000000012e903000]
CodeHeap 'profiled nmethods': size=119164Kb used=205Kb max_used=205Kb free=118958Kb
 bounds [0x0000000120044000, 0x00000001202b4000, 0x00000001274a3000]
CodeHeap 'non-nmethods': size=7428Kb used=2193Kb max_used=2208Kb free=5234Kb
 bounds [0x000000011f903000, 0x000000011fb73000, 0x0000000120044000]
 total_blobs=444 nmethods=145 adapters=211
 compilation: enabled
              stopped_count=0, restarted_count=0
 full_count=0

Compilation events (20 events):
Event: 0.097 Thread 0x00007fd49f014000  135       3       java.lang.String::lastIndexOf (12 bytes)
Event: 0.097 Thread 0x00007fd49d0f8400  137       3       java.lang.AbstractStringBuilder::newCapacity (59 bytes)
Event: 0.097 Thread 0x00007fd49f858200  136       1       java.net.URL::getFile (5 bytes)
Event: 0.097 Thread 0x00007fd49f014000 nmethod 135 0x0000000120073410 code [0x00000001200735e0, 0x00000001200739d0]
Event: 0.097 Thread 0x00007fd49f858200 nmethod 136 0x00000001274a9f90 code [0x00000001274aa120, 0x00000001274aa1d0]
Event: 0.097 Thread 0x00007fd49d0f8400 nmethod 137 0x0000000120073b90 code [0x0000000120073d80, 0x00000001200742d0]
Event: 0.099 Thread 0x00007fd49f858200  140       3       java.util.concurrent.ConcurrentHashMap::setTabAt (20 bytes)
Event: 0.099 Thread 0x00007fd49d0f8400  138       3       jdk.internal.misc.Unsafe::putReferenceRelease (9 bytes)
Event: 0.099 Thread 0x00007fd49d0f8400 nmethod 138 0x0000000120074510 code [0x00000001200746a0, 0x00000001200747f0]
Event: 0.099 Thread 0x00007fd49f858200 nmethod 140 0x0000000120074890 code [0x0000000120074a20, 0x0000000120074c40]
Event: 0.099 Thread 0x00007fd49f858200  142       3       java.lang.AbstractStringBuilder::<init> (39 bytes)
Event: 0.099 Thread 0x00007fd49d0f8400  141       3       java.lang.StringBuilder::<init> (7 bytes)
Event: 0.099 Thread 0x00007fd49f014000  144       3       java.util.concurrent.ConcurrentHashMap::get (162 bytes)
Event: 0.099 Thread 0x00007fd49d0f8400 nmethod 141 0x0000000120074d10 code [0x0000000120074ea0, 0x0000000120074fc0]
Event: 0.099 Thread 0x00007fd49d0f8400  143       3       java.lang.StringBuilder::toString (35 bytes)
Event: 0.099 Thread 0x00007fd49f858200 nmethod 142 0x0000000120075090 code [0x0000000120075220, 0x00000001200754b0]
Event: 0.099 Thread 0x00007fd49d0f8400 nmethod 143 0x0000000120075590 code [0x0000000120075740, 0x00000001200759d0]
Event: 0.100 Thread 0x00007fd49f014000 nmethod 144 0x0000000120075a90 code [0x0000000120075cc0, 0x0000000120076760]
Event: 0.100 Thread 0x00007fd49f858200  145       3       java.lang.CharacterData::of (124 bytes)
Event: 0.100 Thread 0x00007fd49f858200 nmethod 145 0x0000000120076a90 code [0x0000000120076c80, 0x0000000120077470]

GC Heap History (0 events):
No events

Deoptimization events (20 events):
Event: 0.068 Thread 0x00007fd49c009600 DEOPT PACKING pc=0x00000001200559b6 sp=0x0000700002c3a450
Event: 0.068 Thread 0x00007fd49c009600 DEOPT UNPACKING pc=0x000000011f950f2b sp=0x0000700002c39990 mode 0
Event: 0.068 Thread 0x00007fd49c009600 DEOPT PACKING pc=0x000000012005524e sp=0x0000700002c3a4b0
Event: 0.068 Thread 0x00007fd49c009600 DEOPT UNPACKING pc=0x000000011f950f2b sp=0x0000700002c39970 mode 0
Event: 0.068 Thread 0x00007fd49c009600 DEOPT PACKING pc=0x00000001200559b6 sp=0x0000700002c3a450
Event: 0.068 Thread 0x00007fd49c009600 DEOPT UNPACKING pc=0x000000011f950f2b sp=0x0000700002c39990 mode 0
Event: 0.068 Thread 0x00007fd49c009600 DEOPT PACKING pc=0x000000012005524e sp=0x0000700002c3a4b0
Event: 0.068 Thread 0x00007fd49c009600 DEOPT UNPACKING pc=0x000000011f950f2b sp=0x0000700002c39970 mode 0
Event: 0.068 Thread 0x00007fd49c009600 DEOPT PACKING pc=0x00000001200559b6 sp=0x0000700002c3a450
Event: 0.068 Thread 0x00007fd49c009600 DEOPT UNPACKING pc=0x000000011f950f2b sp=0x0000700002c39990 mode 0
Event: 0.068 Thread 0x00007fd49c009600 DEOPT PACKING pc=0x000000012005524e sp=0x0000700002c3a4b0
Event: 0.068 Thread 0x00007fd49c009600 DEOPT UNPACKING pc=0x000000011f950f2b sp=0x0000700002c39970 mode 0
Event: 0.068 Thread 0x00007fd49c009600 DEOPT PACKING pc=0x00000001200559b6 sp=0x0000700002c3a450
Event: 0.068 Thread 0x00007fd49c009600 DEOPT UNPACKING pc=0x000000011f950f2b sp=0x0000700002c39990 mode 0
Event: 0.068 Thread 0x00007fd49c009600 DEOPT PACKING pc=0x000000012005524e sp=0x0000700002c3a4b0
Event: 0.068 Thread 0x00007fd49c009600 DEOPT UNPACKING pc=0x000000011f950f2b sp=0x0000700002c39970 mode 0
Event: 0.069 Thread 0x00007fd49c009600 DEOPT PACKING pc=0x00000001200559b6 sp=0x0000700002c3a450
Event: 0.069 Thread 0x00007fd49c009600 DEOPT UNPACKING pc=0x000000011f950f2b sp=0x0000700002c39990 mode 0
Event: 0.069 Thread 0x00007fd49c009600 DEOPT PACKING pc=0x000000012005524e sp=0x0000700002c3a4b0
Event: 0.069 Thread 0x00007fd49c009600 DEOPT UNPACKING pc=0x000000011f950f2b sp=0x0000700002c39970 mode 0

Classes unloaded (0 events):
No events

Classes redefined (0 events):
No events

Internal exceptions (0 events):
No events

Events (20 events):
Event: 0.083 loading class java/io/IOException
Event: 0.083 loading class java/io/IOException done
Event: 0.083 loading class java/io/UnsupportedEncodingException done
Event: 0.083 loading class jdk/internal/module/ModulePatcher$PatchedModuleReader
Event: 0.083 loading class jdk/internal/module/ModulePatcher$PatchedModuleReader done
Event: 0.084 Loaded shared library /Library/Java/JavaVirtualMachines/jdk-15.0.1.jdk/Contents/Home/lib/libjimage.dylib
Event: 0.085 loading class sun/net/www/protocol/jrt/Handler
Event: 0.085 loading class sun/net/www/protocol/jrt/Handler done
Event: 0.087 loading class java/lang/IllegalStateException
Event: 0.087 loading class java/lang/IllegalStateException done
Event: 0.088 loading class java/beans/PropertyChangeListener
Event: 0.089 loading class java/util/EventListener
Event: 0.089 loading class java/util/EventListener done
Event: 0.089 loading class java/beans/PropertyChangeListener done
Event: 0.089 loading class java/security/cert/X509Certificate
Event: 0.090 loading class java/security/cert/X509Extension
Event: 0.090 loading class java/security/cert/X509Extension done
Event: 0.090 loading class java/security/cert/X509Certificate done
Event: 0.101 loading class java/lang/Class$EnclosingMethodInfo
Event: 0.101 loading class java/lang/Class$EnclosingMethodInfo done


Dynamic libraries:
0x00007fff2a454000 	/usr/lib/libz.1.dylib
0x000000010727f000 	/Library/Java/JavaVirtualMachines/jdk-15.0.1.jdk/Contents/Home/lib/libjli.dylib
0x00007fff34f92000 	/System/Library/Frameworks/Cocoa.framework/Versions/A/Cocoa
0x00007fff221cf000 	/System/Library/Frameworks/Security.framework/Versions/A/Security
0x00007fff33191000 	/System/Library/Frameworks/ApplicationServices.framework/Versions/A/ApplicationServices
0x00007fff2a51c000 	/usr/lib/libSystem.B.dylib
0x00007fff2a516000 	/usr/lib/system/libcache.dylib
0x00007fff2a4d2000 	/usr/lib/system/libcommonCrypto.dylib
0x00007fff2a4fc000 	/usr/lib/system/libcompiler_rt.dylib
0x00007fff2a4f1000 	/usr/lib/system/libcopyfile.dylib
0x00007fff200a6000 	/usr/lib/system/libcorecrypto.dylib
0x00007fff20172000 	/usr/lib/system/libdispatch.dylib
0x00007fff20326000 	/usr/lib/system/libdyld.dylib
0x00007fff2a50d000 	/usr/lib/system/libkeymgr.dylib
0x00007fff2d94f000 	/usr/lib/system/liblaunch.dylib
0x00007fff2a4b0000 	/usr/lib/system/libmacho.dylib
0x00007fff29ccb000 	/usr/lib/system/libquarantine.dylib
0x00007fff2a50a000 	/usr/lib/system/libremovefile.dylib
0x00007fff24b64000 	/usr/lib/system/libsystem_asl.dylib
0x00007fff20056000 	/usr/lib/system/libsystem_blocks.dylib
0x00007fff201f3000 	/usr/lib/system/libsystem_c.dylib
0x00007fff2a504000 	/usr/lib/system/libsystem_collections.dylib
0x00007fff28fc0000 	/usr/lib/system/libsystem_configuration.dylib
0x00007fff282b4000 	/usr/lib/system/libsystem_containermanager.dylib
0x00007fff2a24c000 	/usr/lib/system/libsystem_coreservices.dylib
0x00007fff22783000 	/usr/lib/system/libsystem_darwin.dylib
0x00007fff2a50e000 	/usr/lib/system/libsystem_dnssd.dylib
0x00007fff201f0000 	/usr/lib/system/libsystem_featureflags.dylib
0x00007fff2036b000 	/usr/lib/system/libsystem_info.dylib
0x00007fff2a467000 	/usr/lib/system/libsystem_m.dylib
0x00007fff20145000 	/usr/lib/system/libsystem_malloc.dylib
0x00007fff24af8000 	/usr/lib/system/libsystem_networkextension.dylib
0x00007fff22b9d000 	/usr/lib/system/libsystem_notify.dylib
0x00007fff2fdfc000 	/usr/lib/system/libsystem_product_info_filter.dylib
0x00007fff28fc4000 	/usr/lib/system/libsystem_sandbox.dylib
0x00007fff2a507000 	/usr/lib/system/libsystem_secinit.dylib
0x00007fff202eb000 	/usr/lib/system/libsystem_kernel.dylib
0x00007fff20361000 	/usr/lib/system/libsystem_platform.dylib
0x00007fff2031a000 	/usr/lib/system/libsystem_pthread.dylib
0x00007fff26262000 	/usr/lib/system/libsystem_symptoms.dylib
0x00007fff2008e000 	/usr/lib/system/libsystem_trace.dylib
0x00007fff2a4de000 	/usr/lib/system/libunwind.dylib
0x00007fff20058000 	/usr/lib/system/libxpc.dylib
0x00007fff202d2000 	/usr/lib/libc++abi.dylib
0x00007fff201b7000 	/usr/lib/libobjc.A.dylib
0x00007fff2a4e9000 	/usr/lib/liboah.dylib
0x00007fff2027c000 	/usr/lib/libc++.1.dylib
0x00007fff20397000 	/System/Library/Frameworks/CoreFoundation.framework/Versions/A/CoreFoundation
0x00007fff21144000 	/System/Library/Frameworks/Foundation.framework/Versions/C/Foundation
0x00007fff22bf5000 	/System/Library/Frameworks/AppKit.framework/Versions/C/AppKit
0x00007fff25a8b000 	/System/Library/Frameworks/CoreData.framework/Versions/A/CoreData
0x00007fff23958000 	/System/Library/PrivateFrameworks/UIFoundation.framework/Versions/A/UIFoundation
0x00007fff2fb75000 	/System/Library/PrivateFrameworks/RemoteViewServices.framework/Versions/A/RemoteViewServices
0x00007fff2897e000 	/System/Library/PrivateFrameworks/XCTTargetBootstrap.framework/Versions/A/XCTTargetBootstrap
0x00007fff2b65b000 	/usr/lib/libspindump.dylib
0x00007fff23bac000 	/System/Library/Frameworks/UniformTypeIdentifiers.framework/Versions/A/UniformTypeIdentifiers
0x00007fff27155000 	/usr/lib/libapp_launch_measurement.dylib
0x00007fff27158000 	/System/Library/PrivateFrameworks/CoreAutoLayout.framework/Versions/A/CoreAutoLayout
0x00007fff282e0000 	/System/Library/Frameworks/Metal.framework/Versions/A/Metal
0x00007fff28fcf000 	/usr/lib/liblangid.dylib
0x00007fff28982000 	/System/Library/PrivateFrameworks/CoreSVG.framework/Versions/A/CoreSVG
0x00007fff24b93000 	/System/Library/PrivateFrameworks/SkyLight.framework/Versions/A/SkyLight
0x00007fff24ef9000 	/System/Library/Frameworks/CoreGraphics.framework/Versions/A/CoreGraphics
0x00007fff301cc000 	/System/Library/Frameworks/Accelerate.framework/Versions/A/Accelerate
0x00007fff2b096000 	/System/Library/PrivateFrameworks/IconServices.framework/Versions/A/IconServices
0x00007fff282c5000 	/System/Library/Frameworks/IOSurface.framework/Versions/A/IOSurface
0x00007fff26414000 	/usr/lib/libDiagnosticMessagesClient.dylib
0x00007fff2896a000 	/System/Library/PrivateFrameworks/DFRFoundation.framework/Versions/A/DFRFoundation
0x00007fff22521000 	/usr/lib/libicucore.A.dylib
0x00007fff2cb9d000 	/System/Library/Frameworks/AudioToolbox.framework/Versions/A/AudioToolbox
0x00007fff2be43000 	/System/Library/PrivateFrameworks/DataDetectorsCore.framework/Versions/A/DataDetectorsCore
0x00007fff2866a000 	/System/Library/Frameworks/Carbon.framework/Versions/A/Frameworks/HIToolbox.framework/Versions/A/HIToolbox
0x00007fff26bad000 	/System/Library/Frameworks/QuartzCore.framework/Versions/A/QuartzCore
0x00007fff2fbb1000 	/System/Library/Frameworks/Carbon.framework/Versions/A/Frameworks/SpeechRecognition.framework/Versions/A/SpeechRecognition
0x00007fff26ebd000 	/System/Library/PrivateFrameworks/CoreUI.framework/Versions/A/CoreUI
0x00007fff21b2b000 	/System/Library/Frameworks/CoreAudio.framework/Versions/A/CoreAudio
0x00007fff264ff000 	/System/Library/Frameworks/DiskArbitration.framework/Versions/A/DiskArbitration
0x00007fff2ba56000 	/System/Library/PrivateFrameworks/MultitouchSupport.framework/Versions/A/MultitouchSupport
0x00007fff2be3a000 	/System/Library/PrivateFrameworks/InternationalSupport.framework/Versions/A/InternationalSupport
0x00007fff24b07000 	/usr/lib/libenergytrace.dylib
0x00007fff22aef000 	/System/Library/Frameworks/IOKit.framework/Versions/A/IOKit
0x00007fff2fefe000 	/System/Library/Frameworks/CoreServices.framework/Versions/A/CoreServices
0x00007fff270eb000 	/System/Library/PrivateFrameworks/PerformanceAnalysis.framework/Versions/A/PerformanceAnalysis
0x00007fff6c7fb000 	/System/Library/Frameworks/OpenGL.framework/Versions/A/OpenGL
0x00007fff2bebf000 	/System/Library/PrivateFrameworks/UserActivity.framework/Versions/A/UserActivity
0x00007fff2558d000 	/System/Library/Frameworks/ColorSync.framework/Versions/A/ColorSync
0x00007fff28be6000 	/System/Library/Frameworks/CoreImage.framework/Versions/A/CoreImage
0x00007fff21942000 	/System/Library/Frameworks/CoreText.framework/Versions/A/CoreText
0x00007fff289ac000 	/System/Library/Frameworks/ImageIO.framework/Versions/A/ImageIO
0x00007fff2a522000 	/System/Library/PrivateFrameworks/SoftLinking.framework/Versions/A/SoftLinking
0x00007fff271a1000 	/usr/lib/libxml2.2.dylib
0x00007fff2a794000 	/usr/lib/libcompression.dylib
0x00007fff24b08000 	/usr/lib/libMobileGestalt.dylib
0x00007fff2bd6d000 	/System/Library/PrivateFrameworks/TextureIO.framework/Versions/A/TextureIO
0x00007fff2adb9000 	/usr/lib/libate.dylib
0x00007fff2ab9f000 	/usr/lib/liblzma.5.dylib
0x00007fff20e58000 	/System/Library/Frameworks/SystemConfiguration.framework/Versions/A/SystemConfiguration
0x00007fff2a51e000 	/usr/lib/libfakelink.dylib
0x00007fff2465a000 	/System/Library/Frameworks/CFNetwork.framework/Versions/A/CFNetwork
0x00007fff2a65e000 	/usr/lib/libarchive.2.dylib
0x00007fff20ed6000 	/usr/lib/libCRFSuite.dylib
0x00007fff29cf2000 	/usr/lib/libbsm.0.dylib
0x00007fff24016000 	/usr/lib/libnetwork.dylib
0x00007fff2a523000 	/usr/lib/libpcap.A.dylib
0x00007fff2625b000 	/usr/lib/libdns_services.dylib
0x00007fff2abb8000 	/usr/lib/libcoretls_cfhelpers.dylib
0x00007fff2a762000 	/usr/lib/libapple_nghttp2.dylib
0x00007fff2a4b6000 	/usr/lib/system/libkxld.dylib
0x00007fff25ec1000 	/usr/lib/libsqlite3.dylib
0x00007fff2a22e000 	/System/Library/PrivateFrameworks/AppleFSCompression.framework/Versions/A/AppleFSCompression
0x00007fff29cda000 	/usr/lib/libcoretls.dylib
0x00007fff2a78f000 	/usr/lib/libpam.2.dylib
0x00007fff2acb4000 	/usr/lib/libxar.1.dylib
0x00007fff28fcb000 	/System/Library/PrivateFrameworks/AppleSystemInfo.framework/Versions/A/AppleSystemInfo
0x00007fff2991d000 	/System/Library/PrivateFrameworks/IOMobileFramebuffer.framework/Versions/A/IOMobileFramebuffer
0x00007fff2a23e000 	/usr/lib/libbz2.1.0.dylib
0x00007fff2a55b000 	/usr/lib/libiconv.2.dylib
0x00007fff2a4af000 	/usr/lib/libcharset.1.dylib
0x00007fff27127000 	/System/Library/Frameworks/CoreServices.framework/Versions/A/Frameworks/FSEvents.framework/Versions/A/FSEvents
0x00007fff2278d000 	/System/Library/Frameworks/CoreServices.framework/Versions/A/Frameworks/CarbonCore.framework/Versions/A/CarbonCore
0x00007fff26464000 	/System/Library/Frameworks/CoreServices.framework/Versions/A/Frameworks/Metadata.framework/Versions/A/Metadata
0x00007fff2a251000 	/System/Library/Frameworks/CoreServices.framework/Versions/A/Frameworks/OSServices.framework/Versions/A/OSServices
0x00007fff2a6d0000 	/System/Library/Frameworks/CoreServices.framework/Versions/A/Frameworks/SearchKit.framework/Versions/A/SearchKit
0x00007fff261e5000 	/System/Library/Frameworks/CoreServices.framework/Versions/A/Frameworks/AE.framework/Versions/A/AE
0x00007fff20833000 	/System/Library/Frameworks/CoreServices.framework/Versions/A/Frameworks/LaunchServices.framework/Versions/A/LaunchServices
0x00007fff2ab50000 	/System/Library/Frameworks/CoreServices.framework/Versions/A/Frameworks/DictionaryServices.framework/Versions/A/DictionaryServices
0x00007fff27130000 	/System/Library/Frameworks/CoreServices.framework/Versions/A/Frameworks/SharedFileList.framework/Versions/A/SharedFileList
0x00007fff29cce000 	/usr/lib/libCheckFix.dylib
0x00007fff24b7b000 	/System/Library/PrivateFrameworks/TCC.framework/Versions/A/TCC
0x00007fff28fd1000 	/System/Library/PrivateFrameworks/CoreNLP.framework/Versions/A/CoreNLP
0x00007fff26417000 	/System/Library/PrivateFrameworks/MetadataUtilities.framework/Versions/A/MetadataUtilities
0x00007fff20f0c000 	/usr/lib/libmecabra.dylib
0x00007fff29fe1000 	/System/Library/Frameworks/MLCompute.framework/Versions/A/MLCompute
0x00007fff29d03000 	/usr/lib/libmecab.dylib
0x00007fff29d4d000 	/usr/lib/libgermantok.dylib
0x00007fff2a738000 	/usr/lib/libThaiTokenizer.dylib
0x00007fff2acef000 	/usr/lib/libChineseTokenizer.dylib
0x00007fff2a78d000 	/System/Library/Frameworks/MetalPerformanceShaders.framework/Versions/A/MetalPerformanceShaders
0x00007fff26506000 	/System/Library/Frameworks/Accelerate.framework/Versions/A/Frameworks/vImage.framework/Versions/A/vImage
0x00007fff2fed7000 	/System/Library/Frameworks/Accelerate.framework/Versions/A/Frameworks/vecLib.framework/Versions/A/vecLib
0x00007fff2acfa000 	/System/Library/Frameworks/Accelerate.framework/Versions/A/Frameworks/vecLib.framework/Versions/A/libvMisc.dylib
0x00007fff29736000 	/System/Library/Frameworks/Accelerate.framework/Versions/A/Frameworks/vecLib.framework/Versions/A/libvDSP.dylib
0x00007fff20b37000 	/System/Library/Frameworks/Accelerate.framework/Versions/A/Frameworks/vecLib.framework/Versions/A/libBLAS.dylib
0x00007fff2a7b3000 	/System/Library/Frameworks/Accelerate.framework/Versions/A/Frameworks/vecLib.framework/Versions/A/libLAPACK.dylib
0x00007fff29d53000 	/System/Library/Frameworks/Accelerate.framework/Versions/A/Frameworks/vecLib.framework/Versions/A/libLinearAlgebra.dylib
0x00007fff2a77a000 	/System/Library/Frameworks/Accelerate.framework/Versions/A/Frameworks/vecLib.framework/Versions/A/libSparseBLAS.dylib
0x00007fff2a7ad000 	/System/Library/Frameworks/Accelerate.framework/Versions/A/Frameworks/vecLib.framework/Versions/A/libQuadrature.dylib
0x00007fff29079000 	/System/Library/Frameworks/Accelerate.framework/Versions/A/Frameworks/vecLib.framework/Versions/A/libBNNS.dylib
0x00007fff20de9000 	/System/Library/Frameworks/Accelerate.framework/Versions/A/Frameworks/vecLib.framework/Versions/A/libSparse.dylib
0x00007fff28f64000 	/System/Library/Frameworks/MetalPerformanceShaders.framework/Versions/A/Frameworks/MPSCore.framework/Versions/A/MPSCore
0x00007fff2a19d000 	/System/Library/Frameworks/MetalPerformanceShaders.framework/Versions/A/Frameworks/MPSImage.framework/Versions/A/MPSImage
0x00007fff29d69000 	/System/Library/Frameworks/MetalPerformanceShaders.framework/Versions/A/Frameworks/MPSNeuralNetwork.framework/Versions/A/MPSNeuralNetwork
0x00007fff2a128000 	/System/Library/Frameworks/MetalPerformanceShaders.framework/Versions/A/Frameworks/MPSMatrix.framework/Versions/A/MPSMatrix
0x00007fff29f91000 	/System/Library/Frameworks/MetalPerformanceShaders.framework/Versions/A/Frameworks/MPSRayIntersector.framework/Versions/A/MPSRayIntersector
0x00007fff2a15f000 	/System/Library/Frameworks/MetalPerformanceShaders.framework/Versions/A/Frameworks/MPSNDArray.framework/Versions/A/MPSNDArray
0x00007fff20a63000 	/System/Library/PrivateFrameworks/MetalTools.framework/Versions/A/MetalTools
0x00007fff28fc9000 	/System/Library/PrivateFrameworks/AggregateDictionary.framework/Versions/A/AggregateDictionary
0x00007fff263ef000 	/System/Library/PrivateFrameworks/CoreAnalytics.framework/Versions/A/CoreAnalytics
0x00007fff2a73a000 	/System/Library/PrivateFrameworks/AppleSauce.framework/Versions/A/AppleSauce
0x00007fff282d7000 	/System/Library/PrivateFrameworks/IOAccelerator.framework/Versions/A/IOAccelerator
0x00007fff6c7ef000 	/System/Library/Frameworks/OpenGL.framework/Versions/A/Libraries/libCoreFSCache.dylib
0x00007fff214a8000 	/System/Library/PrivateFrameworks/LanguageModeling.framework/Versions/A/LanguageModeling
0x00007fff2990a000 	/System/Library/PrivateFrameworks/CoreEmoji.framework/Versions/A/CoreEmoji
0x00007fff29072000 	/System/Library/PrivateFrameworks/LinguisticData.framework/Versions/A/LinguisticData
0x00007fff20d9b000 	/System/Library/PrivateFrameworks/Lexicon.framework/Versions/A/Lexicon
0x00007fff2a64c000 	/usr/lib/libcmph.dylib
0x00007fff27107000 	/System/Library/Frameworks/OpenDirectory.framework/Versions/A/Frameworks/CFOpenDirectory.framework/Versions/A/CFOpenDirectory
0x00007fff270f7000 	/System/Library/Frameworks/OpenDirectory.framework/Versions/A/OpenDirectory
0x00007fff2abba000 	/System/Library/PrivateFrameworks/APFS.framework/Versions/A/APFS
0x00007fff29c2f000 	/System/Library/Frameworks/SecurityFoundation.framework/Versions/A/SecurityFoundation
0x00007fff2acc2000 	/usr/lib/libutil.dylib
0x00007fff22ab4000 	/System/Library/PrivateFrameworks/CoreServicesStore.framework/Versions/A/CoreServicesStore
0x00007fff29cc6000 	/System/Library/Frameworks/ServiceManagement.framework/Versions/A/ServiceManagement
0x00007fff2acc6000 	/usr/lib/libxslt.1.dylib
0x00007fff29cbc000 	/System/Library/PrivateFrameworks/BackgroundTaskManagement.framework/Versions/A/BackgroundTaskManagement
0x00007fff2bcb7000 	/System/Library/Frameworks/ImageIO.framework/Versions/A/Resources/libRadiance.dylib
0x00007fff2bcc1000 	/System/Library/Frameworks/ImageIO.framework/Versions/A/Resources/libJPEG.dylib
0x00007fff2bc10000 	/System/Library/Frameworks/ImageIO.framework/Versions/A/Resources/libPng.dylib
0x00007fff2bc37000 	/System/Library/Frameworks/ImageIO.framework/Versions/A/Resources/libTIFF.dylib
0x00007fff2bd16000 	/System/Library/Frameworks/ImageIO.framework/Versions/A/Resources/libGIF.dylib
0x00007fff2b973000 	/System/Library/Frameworks/ImageIO.framework/Versions/A/Resources/libJP2.dylib
0x00007fff2b05d000 	/usr/lib/libexpat.1.dylib
0x00007fff2b928000 	/System/Library/PrivateFrameworks/AppleJPEG.framework/Versions/A/AppleJPEG
0x00007fff2850d000 	/System/Library/PrivateFrameworks/FontServices.framework/libFontParser.dylib
0x00007fff26199000 	/System/Library/PrivateFrameworks/RunningBoardServices.framework/Versions/A/RunningBoardServices
0x00007fff2ba52000 	/System/Library/PrivateFrameworks/WatchdogClient.framework/Versions/A/WatchdogClient
0x00007fff21595000 	/System/Library/Frameworks/CoreDisplay.framework/Versions/A/CoreDisplay
0x00007fff28423000 	/System/Library/Frameworks/CoreMedia.framework/Versions/A/CoreMedia
0x00007fff27284000 	/System/Library/Frameworks/CoreVideo.framework/Versions/A/CoreVideo
0x00007fff2ba8a000 	/System/Library/Frameworks/VideoToolbox.framework/Versions/A/VideoToolbox
0x00007fff26117000 	/System/Library/PrivateFrameworks/BaseBoard.framework/Versions/A/BaseBoard
0x00007fff2b1a2000 	/System/Library/PrivateFrameworks/PersistentConnection.framework/Versions/A/PersistentConnection
0x00007fff25eaa000 	/System/Library/PrivateFrameworks/ProtocolBuffer.framework/Versions/A/ProtocolBuffer
0x00007fff260fe000 	/System/Library/PrivateFrameworks/CommonUtilities.framework/Versions/A/CommonUtilities
0x00007fff2b8bd000 	/System/Library/PrivateFrameworks/Bom.framework/Versions/A/Bom
0x00007fff2bcb0000 	/System/Library/PrivateFrameworks/GPUWrangler.framework/Versions/A/GPUWrangler
0x00007fff2bc95000 	/System/Library/PrivateFrameworks/IOPresentment.framework/Versions/A/IOPresentment
0x00007fff2bcbb000 	/System/Library/PrivateFrameworks/DSExternalDisplay.framework/Versions/A/DSExternalDisplay
0x00007fff2bd1b000 	/System/Library/PrivateFrameworks/CMCaptureCore.framework/Versions/A/CMCaptureCore
0x00007fff2b642000 	/System/Library/PrivateFrameworks/AppServerSupport.framework/Versions/A/AppServerSupport
0x00007fff2d6ee000 	/System/Library/PrivateFrameworks/perfdata.framework/Versions/A/perfdata
0x00007fff29c1e000 	/System/Library/PrivateFrameworks/AssertionServices.framework/Versions/A/AssertionServices
0x00007fff216cc000 	/System/Library/PrivateFrameworks/AudioToolboxCore.framework/Versions/A/AudioToolboxCore
0x00007fff28406000 	/System/Library/PrivateFrameworks/caulk.framework/Versions/A/caulk
0x00007fff3d37b000 	/System/Library/PrivateFrameworks/SystemPolicy.framework/Versions/A/SystemPolicy
0x00007fff2ae52000 	/usr/lib/libIOReport.dylib
0x00007fff2cf10000 	/usr/lib/libSMC.dylib
0x00007fff2bbdd000 	/usr/lib/libAudioToolboxUtility.dylib
0x00007fff3dce5000 	/usr/lib/libmis.dylib
0x00007fff6c84b000 	/System/Library/Frameworks/OpenGL.framework/Versions/A/Libraries/libGLU.dylib
0x00007fff6c80e000 	/System/Library/Frameworks/OpenGL.framework/Versions/A/Libraries/libGFXShared.dylib
0x00007fff6ca1d000 	/System/Library/Frameworks/OpenGL.framework/Versions/A/Libraries/libGL.dylib
0x00007fff6c817000 	/System/Library/Frameworks/OpenGL.framework/Versions/A/Libraries/libGLImage.dylib
0x00007fff6c80b000 	/System/Library/Frameworks/OpenGL.framework/Versions/A/Libraries/libCVMSPluginSupport.dylib
0x00007fff6c7f6000 	/System/Library/Frameworks/OpenGL.framework/Versions/A/Libraries/libCoreVMClient.dylib
0x00007fff6de5e000 	/System/Library/Frameworks/OpenCL.framework/Versions/A/OpenCL
0x00007fff2b1cc000 	/System/Library/PrivateFrameworks/GraphVisualizer.framework/Versions/A/GraphVisualizer
0x00007fff2b1db000 	/System/Library/PrivateFrameworks/FaceCore.framework/Versions/A/FaceCore
0x00007fff2b5f7000 	/System/Library/PrivateFrameworks/OTSVG.framework/Versions/A/OTSVG
0x00007fff26e7b000 	/System/Library/Frameworks/ApplicationServices.framework/Versions/A/Frameworks/ATS.framework/Versions/A/Resources/libFontRegistry.dylib
0x00007fff2b649000 	/System/Library/PrivateFrameworks/FontServices.framework/libhvf.dylib
0x00007fff2b009000 	/System/Library/PrivateFrameworks/AppleVA.framework/Versions/A/AppleVA
0x00007fff2cd59000 	/System/Library/Frameworks/ApplicationServices.framework/Versions/A/Frameworks/ATS.framework/Versions/A/ATS
0x00007fff2d06b000 	/System/Library/Frameworks/ApplicationServices.framework/Versions/A/Frameworks/ColorSyncLegacy.framework/Versions/A/ColorSyncLegacy
0x00007fff25684000 	/System/Library/Frameworks/ApplicationServices.framework/Versions/A/Frameworks/HIServices.framework/Versions/A/HIServices
0x00007fff2d050000 	/System/Library/Frameworks/ApplicationServices.framework/Versions/A/Frameworks/LangAnalysis.framework/Versions/A/LangAnalysis
0x00007fff2bd25000 	/System/Library/Frameworks/ApplicationServices.framework/Versions/A/Frameworks/PrintCore.framework/Versions/A/PrintCore
0x00007fff2d073000 	/System/Library/Frameworks/ApplicationServices.framework/Versions/A/Frameworks/QD.framework/Versions/A/QD
0x00007fff2cd49000 	/System/Library/Frameworks/ApplicationServices.framework/Versions/A/Frameworks/SpeechSynthesis.framework/Versions/A/SpeechSynthesis
0x00007fff2bce6000 	/System/Library/Frameworks/ApplicationServices.framework/Versions/A/Frameworks/ATSUI.framework/Versions/A/ATSUI
0x00007fff2cff0000 	/usr/lib/libcups.2.dylib
0x00007fff2d060000 	/System/Library/PrivateFrameworks/NetAuth.framework/Versions/A/NetAuth
0x00007fff2d70a000 	/System/Library/Frameworks/Kerberos.framework/Versions/A/Kerberos
0x00007fff2d71a000 	/System/Library/Frameworks/GSS.framework/Versions/A/GSS
0x00007fff2cdc5000 	/usr/lib/libresolv.9.dylib
0x00007fff2b65e000 	/System/Library/PrivateFrameworks/Heimdal.framework/Versions/A/Heimdal
0x00007fff33491000 	/System/Library/Frameworks/Kerberos.framework/Versions/A/Libraries/libHeimdalProxy.dylib
0x00007fff2626a000 	/System/Library/Frameworks/Network.framework/Versions/A/Network
0x00007fff2b077000 	/usr/lib/libheimdal-asn1.dylib
0x00007fff2d76a000 	/System/Library/PrivateFrameworks/CommonAuth.framework/Versions/A/CommonAuth
0x00007fff272d1000 	/System/Library/PrivateFrameworks/login.framework/Versions/A/Frameworks/loginsupport.framework/Versions/A/loginsupport
0x00007fff2ccce000 	/System/Library/PrivateFrameworks/AudioSession.framework/Versions/A/AudioSession
0x00007fff2cd36000 	/usr/lib/libAudioStatistics.dylib
0x00007fff2b104000 	/System/Library/PrivateFrameworks/MediaExperience.framework/Versions/A/MediaExperience
0x00007fff2cb6b000 	/System/Library/PrivateFrameworks/AudioSession.framework/libSessionUtility.dylib
0x00007fff2d6fb000 	/usr/lib/libperfcheck.dylib
0x00007fff2d07f000 	/System/Library/PrivateFrameworks/AudioResourceArbitration.framework/Versions/A/AudioResourceArbitration
0x00007fff2b081000 	/System/Library/PrivateFrameworks/IconFoundation.framework/Versions/A/IconFoundation
0x00007fff2fba1000 	/System/Library/PrivateFrameworks/SpeechRecognitionCore.framework/Versions/A/SpeechRecognitionCore
0x00000001072b3000 	/Library/Java/JavaVirtualMachines/jdk-15.0.1.jdk/Contents/Home/lib/server/libjvm.dylib
0x000000010826e000 	/Library/Java/JavaVirtualMachines/jdk-15.0.1.jdk/Contents/Home/lib/libjimage.dylib
0x00000001082c4000 	/Library/Java/JavaVirtualMachines/jdk-15.0.1.jdk/Contents/Home/lib/libjava.dylib
0x000000010e5a9000 	/Library/Java/JavaVirtualMachines/jdk-15.0.1.jdk/Contents/Home/lib/libnio.dylib
0x000000010e5bd000 	/Library/Java/JavaVirtualMachines/jdk-15.0.1.jdk/Contents/Home/lib/libnet.dylib
0x000000010e5d6000 	/Library/Java/JavaVirtualMachines/jdk-15.0.1.jdk/Contents/Home/lib/libzip.dylib


VM Arguments:
jvm_args: -Dfile.encoding=UTF-8 -XX:+ShowCodeDetailsInExceptionMessages 
java_command: org.apache.catalina.startup.Tomcat$1
java_class_path (initial): /Users/ankitasaklani/EclipseWorkspaces/Spring Workspace/SpringBootHelloWorld/target/classes:/Users/ankitasaklani/.m2/repository/org/springframework/boot/spring-boot-starter-web/1.5.6.RELEASE/spring-boot-starter-web-1.5.6.RELEASE.jar:/Users/ankitasaklani/.m2/repository/org/springframework/boot/spring-boot-starter/1.5.6.RELEASE/spring-boot-starter-1.5.6.RELEASE.jar:/Users/ankitasaklani/.m2/repository/org/springframework/boot/spring-boot/1.5.6.RELEASE/spring-boot-1.5.6.RELEASE.jar:/Users/ankitasaklani/.m2/repository/org/springframework/boot/spring-boot-autoconfigure/1.5.6.RELEASE/spring-boot-autoconfigure-1.5.6.RELEASE.jar:/Users/ankitasaklani/.m2/repository/org/springframework/boot/spring-boot-starter-logging/1.5.6.RELEASE/spring-boot-starter-logging-1.5.6.RELEASE.jar:/Users/ankitasaklani/.m2/repository/ch/qos/logback/logback-classic/1.1.11/logback-classic-1.1.11.jar:/Users/ankitasaklani/.m2/repository/ch/qos/logback/logback-core/1.1.11/logback-core-1.1.11.jar:/Users/ankitasaklani/.m2/repository/org/slf4j/slf4j-api/1.7.25/slf4j-api-1.7.25.jar:/Users/ankitasaklani/.m2/repository/org/slf4j/jcl-over-slf4j/1.7.25/jcl-over-slf4j-1.7.25.jar:/Users/ankitasaklani/.m2/repository/org/slf4j/jul-to-slf4j/1.7.25/jul-to-slf4j-1.7.25.jar:/Users/ankitasaklani/.m2/repository/org/slf4j/log4j-over-slf4j/1.7.25/log4j-over-slf4j-1.7.25.jar:/Users/ankitasaklani/.m2/repository/org/springframework/spring-core/4.3.10.RELEASE/spring-core-4.3.10.RELEASE.jar:/Users/ankitasaklani/.m2/repository/org/yaml/snakeyaml/1.17/snakeyaml-1.17.jar:/Users/ankitasaklani/.m2/repository/org/springframework/boot/spring-boot-starter-tomcat/1.5.6.RELEASE/spring-boot-starter-tomcat-1.5.6.RELEASE.jar:/Users/ankitasaklani/.m2/repository/org/apache/tomcat/embed/tomcat-embed-core/8.5.16/tomcat-embed-core-8.5.16.jar:/Users/ankitasaklani/.m2/repository/org/apache/tomcat/embed/tomcat-embed-el/8.5.16/tomcat-embed-el-8.5.16.jar:/Users/ankitasaklani/.m2/repository/org/apache/tomcat/embed/tomcat-e
Launcher Type: SUN_STANDARD

[Global flags]
     intx CICompilerCount                          = 12                                        {product} {ergonomic}
     uint ConcGCThreads                            = 3                                         {product} {ergonomic}
     uint G1ConcRefinementThreads                  = 13                                        {product} {ergonomic}
   size_t G1HeapRegionSize                         = 2097152                                   {product} {ergonomic}
    uintx GCDrainStackTargetSize                   = 64                                        {product} {ergonomic}
   size_t InitialHeapSize                          = 268435456                                 {product} {ergonomic}
   size_t MarkStackSize                            = 4194304                                   {product} {ergonomic}
   size_t MaxHeapSize                              = 4294967296                                {product} {ergonomic}
   size_t MaxNewSize                               = 2575302656                                {product} {ergonomic}
   size_t MinHeapDeltaBytes                        = 2097152                                   {product} {ergonomic}
   size_t MinHeapSize                              = 8388608                                   {product} {ergonomic}
    uintx NonNMethodCodeHeapSize                   = 7602480                                {pd product} {ergonomic}
    uintx NonProfiledCodeHeapSize                  = 122027880                              {pd product} {ergonomic}
    uintx ProfiledCodeHeapSize                     = 122027880                              {pd product} {ergonomic}
    uintx ReservedCodeCacheSize                    = 251658240                              {pd product} {ergonomic}
     bool SegmentedCodeCache                       = true                                      {product} {ergonomic}
     bool ShowCodeDetailsInExceptionMessages       = true                                   {manageable} {command line}
   size_t SoftMaxHeapSize                          = 4294967296                             {manageable} {ergonomic}
     bool UseCompressedClassPointers               = true                                 {lp64_product} {ergonomic}
     bool UseCompressedOops                        = true                                 {lp64_product} {ergonomic}
     bool UseG1GC                                  = true                                      {product} {ergonomic}
     bool UseNUMA                                  = false                                     {product} {ergonomic}
     bool UseNUMAInterleaving                      = false                                     {product} {ergonomic}

Logging:
Log output configuration:
 #0: stdout all=warning uptime,level,tags
 #1: stderr all=off uptime,level,tags

Environment Variables:
PATH=/usr/bin:/bin:/usr/sbin:/sbin
SHELL=/bin/zsh

Signal Handlers:
SIGSEGV: [libjvm.dylib+0x9fe2e0], sa_mask[0]=11111111011111110111111111111111, sa_flags=SA_ONSTACK|SA_RESTART|SA_SIGINFO
SIGBUS: [libjvm.dylib+0x9fe2e0], sa_mask[0]=11111111011111110111111111111111, sa_flags=SA_RESTART|SA_SIGINFO
SIGFPE: [libjvm.dylib+0x9fe2e0], sa_mask[0]=11111111011111110111111111111111, sa_flags=SA_RESTART|SA_SIGINFO
SIGPIPE: [libjvm.dylib+0x82a110], sa_mask[0]=11111111011111110111111111111111, sa_flags=SA_RESTART|SA_SIGINFO
SIGXFSZ: [libjvm.dylib+0x82a110], sa_mask[0]=11111111011111110111111111111111, sa_flags=SA_RESTART|SA_SIGINFO
SIGILL: [libjvm.dylib+0x9fe2e0], sa_mask[0]=11111111011111110111111111111111, sa_flags=SA_RESTART|SA_SIGINFO
SIGUSR2: [libjvm.dylib+0x82ac20], sa_mask[0]=00100000000000000000000000000000, sa_flags=SA_RESTART|SA_SIGINFO
SIGHUP: [libjvm.dylib+0x829320], sa_mask[0]=11111111011111110111111111111111, sa_flags=SA_RESTART|SA_SIGINFO
SIGINT: [libjvm.dylib+0x829320], sa_mask[0]=11111111011111110111111111111111, sa_flags=SA_RESTART|SA_SIGINFO
SIGTERM: [libjvm.dylib+0x829320], sa_mask[0]=11111111011111110111111111111111, sa_flags=SA_RESTART|SA_SIGINFO
SIGQUIT: [libjvm.dylib+0x829320], sa_mask[0]=11111111011111110111111111111111, sa_flags=SA_RESTART|SA_SIGINFO


---------------  S Y S T E M  ---------------

OS:uname: Darwin 20.2.0 Darwin Kernel Version 20.2.0: Wed Dec  2 20:39:59 PST 2020; root:xnu-7195.60.75~1/RELEASE_X86_64 x86_64
OS uptime: 0 days 16:13 hours
rlimit (soft/hard): STACK 8192k/65532k , CORE 0k/infinity , NPROC 2784/4176 , NOFILE 10240/infinity , AS infinity/infinity , CPU infinity/infinity , DATA infinity/infinity , FSIZE infinity/infinity , MEMLOCK infinity/infinity , RSS infinity/infinity
load average: 2.36 1.68 1.56

CPU: total 16 (initial active 16) (8 cores per cpu, 2 threads per core) family 6 model 158 stepping 13 microcode 0xde, cmov, cx8, fxsr, mmx, sse, sse2, sse3, ssse3, sse4.1, sse4.2, popcnt, vzeroupper, avx, avx2, aes, clmul, erms, 3dnowpref, lzcnt, ht, tsc, tscinvbit, bmi1, bmi2, adx, fma, clflush, clflushopt

Memory: 4k page, physical 16777216k(459456k free), swap 1048576k(829952k free)

vm_info: Java HotSpot(TM) 64-Bit Server VM (15.0.1+9-18) for bsd-amd64 JRE (15.0.1+9-18), built on Sep 15 2020 13:50:45 by "mach5one" with clang 4.2.1 Compatible Apple LLVM 10.0.0 (clang-1000.11.45.5)

END.
